2025-10-05 17:57:51.438 +05:30 [ERR] ❌ Failed to connect to Neon Database!
2025-10-05 17:57:51.518 +05:30 [INF] 🚀 Starting Auth API...
2025-10-05 17:57:51.583 +05:30 [INF] User profile is available. Using 'C:\Users\muham\AppData\Local\ASP.NET\DataProtection-Keys' as key repository and Windows DPAPI to encrypt keys at rest.
2025-10-05 17:57:52.047 +05:30 [INF] Now listening on: https://localhost:7179
2025-10-05 17:57:52.050 +05:30 [INF] Now listening on: http://localhost:5179
2025-10-05 17:57:52.233 +05:30 [INF] Application started. Press Ctrl+C to shut down.
2025-10-05 17:57:52.236 +05:30 [INF] Hosting environment: Development
2025-10-05 17:57:52.236 +05:30 [INF] Content root path: D:\SingleProject1\AuthServiceClone2\AuthService
2025-10-05 17:57:57.321 +05:30 [INF] Request starting HTTP/2 GET https://localhost:7179/index.html - null null
2025-10-05 17:57:57.740 +05:30 [INF] Request starting HTTP/2 GET https://localhost:7179/swagger-ui.css - null null
2025-10-05 17:57:57.742 +05:30 [INF] Request finished HTTP/2 GET https://localhost:7179/index.html - 200 null text/html;charset=utf-8 436.6125ms
2025-10-05 17:57:57.744 +05:30 [INF] Request starting HTTP/2 GET https://localhost:7179/swagger-ui-standalone-preset.js - null null
2025-10-05 17:57:57.744 +05:30 [INF] Request starting HTTP/2 GET https://localhost:7179/swagger-ui-bundle.js - null null
2025-10-05 17:57:57.852 +05:30 [INF] Request starting HTTP/2 GET https://localhost:7179/_framework/aspnetcore-browser-refresh.js - null null
2025-10-05 17:57:57.857 +05:30 [INF] Request starting HTTP/2 GET https://localhost:7179/_vs/browserLink - null null
2025-10-05 17:57:57.915 +05:30 [INF] Request finished HTTP/2 GET https://localhost:7179/_framework/aspnetcore-browser-refresh.js - 200 16515 application/javascript; charset=utf-8 63.364ms
2025-10-05 17:57:57.954 +05:30 [INF] Sending file. Request path: '/swagger-ui-standalone-preset.js'. Physical path: 'N/A'
2025-10-05 17:57:57.979 +05:30 [INF] Request finished HTTP/2 GET https://localhost:7179/swagger-ui-standalone-preset.js - 200 230280 text/javascript 235.3944ms
2025-10-05 17:57:58.009 +05:30 [INF] Sending file. Request path: '/swagger-ui.css'. Physical path: 'N/A'
2025-10-05 17:57:58.012 +05:30 [INF] Request finished HTTP/2 GET https://localhost:7179/swagger-ui.css - 200 152034 text/css 272.7123ms
2025-10-05 17:57:58.095 +05:30 [INF] Sending file. Request path: '/swagger-ui-bundle.js'. Physical path: 'N/A'
2025-10-05 17:57:58.096 +05:30 [INF] Request finished HTTP/2 GET https://localhost:7179/swagger-ui-bundle.js - 200 1456926 text/javascript 351.2968ms
2025-10-05 17:57:58.129 +05:30 [INF] Request finished HTTP/2 GET https://localhost:7179/_vs/browserLink - 200 null text/javascript; charset=UTF-8 272.0332ms
2025-10-05 17:57:58.342 +05:30 [INF] Request starting HTTP/2 GET https://localhost:7179/swagger/v1/swagger.json - null null
2025-10-05 17:57:58.379 +05:30 [INF] Request finished HTTP/2 GET https://localhost:7179/swagger/v1/swagger.json - 200 null application/json;charset=utf-8 37.1556ms
2025-10-05 17:58:13.161 +05:30 [INF] Request starting HTTP/2 POST https://localhost:7179/api/Auth/login - application/json 57
2025-10-05 17:58:13.169 +05:30 [INF] CORS policy execution successful.
2025-10-05 17:58:14.720 +05:30 [INF] Executing endpoint 'AuthService.Api.Controllers.AuthController.Login (AuthService.Api)'
2025-10-05 17:58:14.803 +05:30 [INF] Route matched with {action = "Login", controller = "Auth"}. Executing controller action with signature System.Threading.Tasks.Task`1[Microsoft.AspNetCore.Mvc.IActionResult] Login(AuthService.Application.DTOs.Auth.LoginRequestDto) on controller AuthService.Api.Controllers.AuthController (AuthService.Api).
2025-10-05 17:58:15.333 +05:30 [ERR] Unexpected error during authentication for email user@example.com
System.Net.Sockets.SocketException (11001): No such host is known.
   at System.Net.NameResolutionPal.ProcessResult(SocketError errorCode, GetAddrInfoExContext* context)
   at System.Net.NameResolutionPal.GetAddressInfoExCallback(Int32 error, Int32 bytes, NativeOverlapped* overlapped)
--- End of stack trace from previous location ---
   at System.Net.Dns.<GetAddrInfoWithTelemetryAsync>g__CompleteAsync|34_0[T](Task task, String hostName, Int64 startingTimestamp)
   at Npgsql.TaskTimeoutAndCancellation.ExecuteAsync(Func`2 getTaskFunc, NpgsqlTimeout timeout, CancellationToken cancellationToken)
   at Npgsql.TaskTimeoutAndCancellation.ExecuteAsync[TResult](Func`2 getTaskFunc, NpgsqlTimeout timeout, CancellationToken cancellationToken)
   at Npgsql.Internal.NpgsqlConnector.ConnectAsync(NpgsqlTimeout timeout, CancellationToken cancellationToken)
   at Npgsql.Internal.NpgsqlConnector.RawOpen(SslMode sslMode, NpgsqlTimeout timeout, Boolean async, CancellationToken cancellationToken)
   at Npgsql.Internal.NpgsqlConnector.<Open>g__OpenCore|214_1(NpgsqlConnector conn, SslMode sslMode, NpgsqlTimeout timeout, Boolean async, CancellationToken cancellationToken)
   at Npgsql.Internal.NpgsqlConnector.Open(NpgsqlTimeout timeout, Boolean async, CancellationToken cancellationToken)
   at Npgsql.PoolingDataSource.OpenNewConnector(NpgsqlConnection conn, NpgsqlTimeout timeout, Boolean async, CancellationToken cancellationToken)
   at Npgsql.PoolingDataSource.<Get>g__RentAsync|33_0(NpgsqlConnection conn, NpgsqlTimeout timeout, Boolean async, CancellationToken cancellationToken)
   at Npgsql.NpgsqlConnection.<Open>g__OpenAsync|42_0(Boolean async, CancellationToken cancellationToken)
   at AuthService.Infrastructure.Data.NpgsqlConnectionFactory.CreateConnectionAsync() in D:\SingleProject1\AuthServiceClone2\AuthService.Infrastructure\Data\NpgsqlConnectionFactory.cs:line 27
   at AuthService.Infrastructure.Services.DatabaseFunctionService.GetConnectionAsync() in D:\SingleProject1\AuthServiceClone2\AuthService.Infrastructure\Services\DatabaseFunctionService.cs:line 27
   at AuthService.Infrastructure.Services.DatabaseFunctionService.AuthenticatePasswordAsync(String email, String password, Object deviceInfo, Nullable`1 requestId) in D:\SingleProject1\AuthServiceClone2\AuthService.Infrastructure\Services\DatabaseFunctionService.cs:line 102
2025-10-05 17:58:15.454 +05:30 [ERR] Login failed for email: user@example.com
AuthService.Shared.Exceptions.AuthException: An unexpected error occurred during authentication
   at AuthService.Application.Services.AuthService.LoginAsync(LoginRequestDto request, DeviceInfoDto deviceInfo) in D:\SingleProject1\AuthServiceClone2\AuthService.Application\Services\AuthService.cs:line 93
2025-10-05 17:58:15.646 +05:30 [INF] Executing UnauthorizedObjectResult, writing value of type '<>f__AnonymousType2`1[[System.String, System.Private.CoreLib, Version=8.0.0.0, Culture=neutral, PublicKeyToken=7cec85d7bea7798e]]'.
2025-10-05 17:58:15.661 +05:30 [INF] Executed action AuthService.Api.Controllers.AuthController.Login (AuthService.Api) in 851.8803ms
2025-10-05 17:58:15.662 +05:30 [INF] Executed endpoint 'AuthService.Api.Controllers.AuthController.Login (AuthService.Api)'
2025-10-05 17:58:15.666 +05:30 [INF] HTTP POST /api/Auth/login responded 401 in 2490.6533 ms
2025-10-05 17:58:15.667 +05:30 [INF] Request finished HTTP/2 POST https://localhost:7179/api/Auth/login - 401 null application/json; charset=utf-8 2506.2421ms
2025-10-05 23:07:01.358 +05:30 [ERR] ❌ Failed to connect to Neon Database!
2025-10-05 23:07:01.421 +05:30 [INF] 🚀 Starting Auth API...
2025-10-05 23:07:01.486 +05:30 [INF] User profile is available. Using 'C:\Users\muham\AppData\Local\ASP.NET\DataProtection-Keys' as key repository and Windows DPAPI to encrypt keys at rest.
2025-10-05 23:07:01.624 +05:30 [INF] Creating key {2a072b87-ed32-4fa6-9294-076793e97981} with creation date 2025-10-05 17:37:01Z, activation date 2025-10-07 16:29:05Z, and expiration date 2026-01-03 17:37:01Z.
2025-10-05 23:07:01.642 +05:30 [INF] Writing data to file 'C:\Users\muham\AppData\Local\ASP.NET\DataProtection-Keys\key-2a072b87-ed32-4fa6-9294-076793e97981.xml'.
2025-10-05 23:07:02.094 +05:30 [INF] Now listening on: https://localhost:7179
2025-10-05 23:07:02.097 +05:30 [INF] Now listening on: http://localhost:5179
2025-10-05 23:07:02.289 +05:30 [INF] Application started. Press Ctrl+C to shut down.
2025-10-05 23:07:02.291 +05:30 [INF] Hosting environment: Development
2025-10-05 23:07:02.292 +05:30 [INF] Content root path: D:\SingleProject1\AuthServiceClone2\AuthService
2025-10-05 23:07:04.552 +05:30 [INF] Request starting HTTP/2 GET https://localhost:7179/ - null null
2025-10-05 23:07:04.871 +05:30 [INF] Request finished HTTP/2 GET https://localhost:7179/ - 301 0 null 332.7314ms
2025-10-05 23:07:04.888 +05:30 [INF] Request starting HTTP/2 GET https://localhost:7179/index.html - null null
2025-10-05 23:07:05.042 +05:30 [INF] Request finished HTTP/2 GET https://localhost:7179/index.html - 200 null text/html;charset=utf-8 153.5593ms
2025-10-05 23:07:05.107 +05:30 [INF] Request starting HTTP/2 GET https://localhost:7179/_framework/aspnetcore-browser-refresh.js - null null
2025-10-05 23:07:05.122 +05:30 [INF] Request starting HTTP/2 GET https://localhost:7179/_vs/browserLink - null null
2025-10-05 23:07:05.141 +05:30 [INF] Request finished HTTP/2 GET https://localhost:7179/_framework/aspnetcore-browser-refresh.js - 200 16515 application/javascript; charset=utf-8 34.8515ms
2025-10-05 23:07:05.291 +05:30 [INF] Request finished HTTP/2 GET https://localhost:7179/_vs/browserLink - 200 null text/javascript; charset=UTF-8 168.6014ms
2025-10-05 23:07:05.524 +05:30 [INF] Request starting HTTP/2 GET https://localhost:7179/swagger/v1/swagger.json - null null
2025-10-05 23:07:05.589 +05:30 [INF] Request finished HTTP/2 GET https://localhost:7179/swagger/v1/swagger.json - 200 null application/json;charset=utf-8 65.9137ms
2025-10-05 23:07:11.564 +05:30 [INF] Request starting HTTP/2 POST https://localhost:7179/api/Auth/login - application/json 57
2025-10-05 23:07:11.576 +05:30 [INF] CORS policy execution successful.
2025-10-05 23:07:13.687 +05:30 [INF] Executing endpoint 'AuthService.Api.Controllers.AuthController.Login (AuthService.Api)'
2025-10-05 23:07:13.746 +05:30 [INF] Route matched with {action = "Login", controller = "Auth"}. Executing controller action with signature System.Threading.Tasks.Task`1[Microsoft.AspNetCore.Mvc.IActionResult] Login(AuthService.Application.DTOs.Auth.LoginRequestDto) on controller AuthService.Api.Controllers.AuthController (AuthService.Api).
2025-10-05 23:07:29.171 +05:30 [ERR] Unexpected error during authentication for email user@example.com
Npgsql.NpgsqlException (0x80004005): Exception while reading from stream
 ---> System.TimeoutException: Timeout during reading attempt
   at Npgsql.Internal.NpgsqlReadBuffer.<Ensure>g__EnsureLong|55_0(NpgsqlReadBuffer buffer, Int32 count, Boolean async, Boolean readingNotifications)
   at System.Runtime.CompilerServices.PoolingAsyncValueTaskMethodBuilder`1.StateMachineBox`1.System.Threading.Tasks.Sources.IValueTaskSource.GetResult(Int16 token)
   at Npgsql.Internal.NpgsqlConnector.RawOpen(SslMode sslMode, NpgsqlTimeout timeout, Boolean async, CancellationToken cancellationToken)
   at Npgsql.Internal.NpgsqlConnector.<Open>g__OpenCore|214_1(NpgsqlConnector conn, SslMode sslMode, NpgsqlTimeout timeout, Boolean async, CancellationToken cancellationToken)
   at Npgsql.Internal.NpgsqlConnector.Open(NpgsqlTimeout timeout, Boolean async, CancellationToken cancellationToken)
   at Npgsql.PoolingDataSource.OpenNewConnector(NpgsqlConnection conn, NpgsqlTimeout timeout, Boolean async, CancellationToken cancellationToken)
   at Npgsql.PoolingDataSource.<Get>g__RentAsync|33_0(NpgsqlConnection conn, NpgsqlTimeout timeout, Boolean async, CancellationToken cancellationToken)
   at Npgsql.NpgsqlConnection.<Open>g__OpenAsync|42_0(Boolean async, CancellationToken cancellationToken)
   at AuthService.Infrastructure.Data.NpgsqlConnectionFactory.CreateConnectionAsync() in D:\SingleProject1\AuthServiceClone2\AuthService.Infrastructure\Data\NpgsqlConnectionFactory.cs:line 27
   at AuthService.Infrastructure.Services.DatabaseFunctionService.GetConnectionAsync() in D:\SingleProject1\AuthServiceClone2\AuthService.Infrastructure\Services\DatabaseFunctionService.cs:line 27
   at AuthService.Infrastructure.Services.DatabaseFunctionService.AuthenticatePasswordAsync(String email, String password, Object deviceInfo, Nullable`1 requestId) in D:\SingleProject1\AuthServiceClone2\AuthService.Infrastructure\Services\DatabaseFunctionService.cs:line 102
2025-10-05 23:07:29.319 +05:30 [ERR] Login failed for email: user@example.com
AuthService.Shared.Exceptions.AuthException: An unexpected error occurred during authentication
   at AuthService.Application.Services.AuthService.LoginAsync(LoginRequestDto request, DeviceInfoDto deviceInfo) in D:\SingleProject1\AuthServiceClone2\AuthService.Application\Services\AuthService.cs:line 93
2025-10-05 23:07:29.474 +05:30 [INF] Executing UnauthorizedObjectResult, writing value of type '<>f__AnonymousType2`1[[System.String, System.Private.CoreLib, Version=8.0.0.0, Culture=neutral, PublicKeyToken=7cec85d7bea7798e]]'.
2025-10-05 23:07:29.489 +05:30 [INF] Executed action AuthService.Api.Controllers.AuthController.Login (AuthService.Api) in 15733.9491ms
2025-10-05 23:07:29.489 +05:30 [INF] Executed endpoint 'AuthService.Api.Controllers.AuthController.Login (AuthService.Api)'
2025-10-05 23:07:29.492 +05:30 [INF] HTTP POST /api/Auth/login responded 401 in 17912.5989 ms
2025-10-05 23:07:29.493 +05:30 [INF] Request finished HTTP/2 POST https://localhost:7179/api/Auth/login - 401 null application/json; charset=utf-8 17929.4757ms
2025-10-05 23:08:17.831 +05:30 [INF] Request starting HTTP/2 POST https://localhost:7179/api/Auth/login - application/json 57
2025-10-05 23:08:17.849 +05:30 [INF] CORS policy execution successful.
2025-10-05 23:08:17.857 +05:30 [INF] Executing endpoint 'AuthService.Api.Controllers.AuthController.Login (AuthService.Api)'
2025-10-05 23:08:17.862 +05:30 [INF] Route matched with {action = "Login", controller = "Auth"}. Executing controller action with signature System.Threading.Tasks.Task`1[Microsoft.AspNetCore.Mvc.IActionResult] Login(AuthService.Application.DTOs.Auth.LoginRequestDto) on controller AuthService.Api.Controllers.AuthController (AuthService.Api).
2025-10-05 23:08:18.108 +05:30 [ERR] Unexpected error during authentication for email user@example.com
System.Net.Sockets.SocketException (11001): No such host is known.
   at System.Net.NameResolutionPal.ProcessResult(SocketError errorCode, GetAddrInfoExContext* context)
   at System.Net.NameResolutionPal.GetAddressInfoExCallback(Int32 error, Int32 bytes, NativeOverlapped* overlapped)
--- End of stack trace from previous location ---
   at System.Net.Dns.<GetAddrInfoWithTelemetryAsync>g__CompleteAsync|34_0[T](Task task, String hostName, Int64 startingTimestamp)
   at Npgsql.TaskTimeoutAndCancellation.ExecuteAsync(Func`2 getTaskFunc, NpgsqlTimeout timeout, CancellationToken cancellationToken)
   at Npgsql.TaskTimeoutAndCancellation.ExecuteAsync[TResult](Func`2 getTaskFunc, NpgsqlTimeout timeout, CancellationToken cancellationToken)
   at Npgsql.Internal.NpgsqlConnector.ConnectAsync(NpgsqlTimeout timeout, CancellationToken cancellationToken)
   at Npgsql.Internal.NpgsqlConnector.RawOpen(SslMode sslMode, NpgsqlTimeout timeout, Boolean async, CancellationToken cancellationToken)
   at Npgsql.Internal.NpgsqlConnector.<Open>g__OpenCore|214_1(NpgsqlConnector conn, SslMode sslMode, NpgsqlTimeout timeout, Boolean async, CancellationToken cancellationToken)
   at Npgsql.Internal.NpgsqlConnector.Open(NpgsqlTimeout timeout, Boolean async, CancellationToken cancellationToken)
   at Npgsql.PoolingDataSource.OpenNewConnector(NpgsqlConnection conn, NpgsqlTimeout timeout, Boolean async, CancellationToken cancellationToken)
   at Npgsql.PoolingDataSource.<Get>g__RentAsync|33_0(NpgsqlConnection conn, NpgsqlTimeout timeout, Boolean async, CancellationToken cancellationToken)
   at Npgsql.NpgsqlConnection.<Open>g__OpenAsync|42_0(Boolean async, CancellationToken cancellationToken)
   at AuthService.Infrastructure.Data.NpgsqlConnectionFactory.CreateConnectionAsync() in D:\SingleProject1\AuthServiceClone2\AuthService.Infrastructure\Data\NpgsqlConnectionFactory.cs:line 27
   at AuthService.Infrastructure.Services.DatabaseFunctionService.GetConnectionAsync() in D:\SingleProject1\AuthServiceClone2\AuthService.Infrastructure\Services\DatabaseFunctionService.cs:line 27
   at AuthService.Infrastructure.Services.DatabaseFunctionService.AuthenticatePasswordAsync(String email, String password, Object deviceInfo, Nullable`1 requestId) in D:\SingleProject1\AuthServiceClone2\AuthService.Infrastructure\Services\DatabaseFunctionService.cs:line 102
2025-10-05 23:08:18.183 +05:30 [ERR] Login failed for email: user@example.com
AuthService.Shared.Exceptions.AuthException: An unexpected error occurred during authentication
   at AuthService.Application.Services.AuthService.LoginAsync(LoginRequestDto request, DeviceInfoDto deviceInfo) in D:\SingleProject1\AuthServiceClone2\AuthService.Application\Services\AuthService.cs:line 93
2025-10-05 23:08:18.367 +05:30 [INF] Executing UnauthorizedObjectResult, writing value of type '<>f__AnonymousType2`1[[System.String, System.Private.CoreLib, Version=8.0.0.0, Culture=neutral, PublicKeyToken=7cec85d7bea7798e]]'.
2025-10-05 23:08:18.370 +05:30 [INF] Executed action AuthService.Api.Controllers.AuthController.Login (AuthService.Api) in 507.1067ms
2025-10-05 23:08:18.371 +05:30 [INF] Executed endpoint 'AuthService.Api.Controllers.AuthController.Login (AuthService.Api)'
2025-10-05 23:08:18.372 +05:30 [INF] HTTP POST /api/Auth/login responded 401 in 521.5493 ms
2025-10-05 23:08:18.373 +05:30 [INF] Request finished HTTP/2 POST https://localhost:7179/api/Auth/login - 401 null application/json; charset=utf-8 542.3065ms
2025-10-05 23:08:39.951 +05:30 [ERR] ❌ Failed to connect to Neon Database!
2025-10-05 23:08:40.009 +05:30 [INF] 🚀 Starting Auth API...
2025-10-05 23:08:40.050 +05:30 [INF] User profile is available. Using 'C:\Users\muham\AppData\Local\ASP.NET\DataProtection-Keys' as key repository and Windows DPAPI to encrypt keys at rest.
2025-10-05 23:08:40.363 +05:30 [INF] Now listening on: https://localhost:7179
2025-10-05 23:08:40.364 +05:30 [INF] Now listening on: http://localhost:5179
2025-10-05 23:08:40.512 +05:30 [INF] Application started. Press Ctrl+C to shut down.
2025-10-05 23:08:40.513 +05:30 [INF] Hosting environment: Development
2025-10-05 23:08:40.514 +05:30 [INF] Content root path: D:\SingleProject1\AuthServiceClone2\AuthService
2025-10-05 23:08:41.908 +05:30 [INF] Request starting HTTP/2 GET https://localhost:7179/index.html - null null
2025-10-05 23:08:42.261 +05:30 [INF] Request finished HTTP/2 GET https://localhost:7179/index.html - 200 null text/html;charset=utf-8 367.2044ms
2025-10-05 23:08:42.355 +05:30 [INF] Request starting HTTP/2 GET https://localhost:7179/_framework/aspnetcore-browser-refresh.js - null null
2025-10-05 23:08:42.356 +05:30 [INF] Request starting HTTP/2 GET https://localhost:7179/_vs/browserLink - null null
2025-10-05 23:08:42.384 +05:30 [INF] Request finished HTTP/2 GET https://localhost:7179/_framework/aspnetcore-browser-refresh.js - 200 16515 application/javascript; charset=utf-8 28.5963ms
2025-10-05 23:08:42.470 +05:30 [INF] Request finished HTTP/2 GET https://localhost:7179/_vs/browserLink - 200 null text/javascript; charset=UTF-8 113.3798ms
2025-10-05 23:08:42.529 +05:30 [INF] Request starting HTTP/2 GET https://localhost:7179/swagger/v1/swagger.json - null null
2025-10-05 23:08:42.575 +05:30 [INF] Request finished HTTP/2 GET https://localhost:7179/swagger/v1/swagger.json - 200 null application/json;charset=utf-8 45.191ms
2025-10-05 23:08:55.018 +05:30 [INF] Request starting HTTP/2 POST https://localhost:7179/api/Auth/login - application/json 57
2025-10-05 23:08:55.027 +05:30 [INF] CORS policy execution successful.
2025-10-05 23:08:55.133 +05:30 [INF] Executing endpoint 'AuthService.Api.Controllers.AuthController.Login (AuthService.Api)'
2025-10-05 23:08:55.176 +05:30 [INF] Route matched with {action = "Login", controller = "Auth"}. Executing controller action with signature System.Threading.Tasks.Task`1[Microsoft.AspNetCore.Mvc.IActionResult] Login(AuthService.Application.DTOs.Auth.LoginRequestDto) on controller AuthService.Api.Controllers.AuthController (AuthService.Api).
2025-10-05 23:09:06.790 +05:30 [ERR] Unexpected error during authentication for email user@example.com
System.Net.Sockets.SocketException (11001): No such host is known.
   at System.Net.NameResolutionPal.ProcessResult(SocketError errorCode, GetAddrInfoExContext* context)
   at System.Net.NameResolutionPal.GetAddressInfoExCallback(Int32 error, Int32 bytes, NativeOverlapped* overlapped)
--- End of stack trace from previous location ---
   at System.Net.Dns.<GetAddrInfoWithTelemetryAsync>g__CompleteAsync|34_0[T](Task task, String hostName, Int64 startingTimestamp)
   at Npgsql.TaskTimeoutAndCancellation.ExecuteAsync(Func`2 getTaskFunc, NpgsqlTimeout timeout, CancellationToken cancellationToken)
   at Npgsql.TaskTimeoutAndCancellation.ExecuteAsync[TResult](Func`2 getTaskFunc, NpgsqlTimeout timeout, CancellationToken cancellationToken)
   at Npgsql.Internal.NpgsqlConnector.ConnectAsync(NpgsqlTimeout timeout, CancellationToken cancellationToken)
   at Npgsql.Internal.NpgsqlConnector.RawOpen(SslMode sslMode, NpgsqlTimeout timeout, Boolean async, CancellationToken cancellationToken)
   at Npgsql.Internal.NpgsqlConnector.<Open>g__OpenCore|214_1(NpgsqlConnector conn, SslMode sslMode, NpgsqlTimeout timeout, Boolean async, CancellationToken cancellationToken)
   at Npgsql.Internal.NpgsqlConnector.Open(NpgsqlTimeout timeout, Boolean async, CancellationToken cancellationToken)
   at Npgsql.PoolingDataSource.OpenNewConnector(NpgsqlConnection conn, NpgsqlTimeout timeout, Boolean async, CancellationToken cancellationToken)
   at Npgsql.PoolingDataSource.<Get>g__RentAsync|33_0(NpgsqlConnection conn, NpgsqlTimeout timeout, Boolean async, CancellationToken cancellationToken)
   at Npgsql.NpgsqlConnection.<Open>g__OpenAsync|42_0(Boolean async, CancellationToken cancellationToken)
   at AuthService.Infrastructure.Data.NpgsqlConnectionFactory.CreateConnectionAsync() in D:\SingleProject1\AuthServiceClone2\AuthService.Infrastructure\Data\NpgsqlConnectionFactory.cs:line 27
   at AuthService.Infrastructure.Services.DatabaseFunctionService.GetConnectionAsync() in D:\SingleProject1\AuthServiceClone2\AuthService.Infrastructure\Services\DatabaseFunctionService.cs:line 27
   at AuthService.Infrastructure.Services.DatabaseFunctionService.AuthenticatePasswordAsync(String email, String password, Object deviceInfo, Nullable`1 requestId) in D:\SingleProject1\AuthServiceClone2\AuthService.Infrastructure\Services\DatabaseFunctionService.cs:line 102
2025-10-05 23:09:06.891 +05:30 [ERR] Login failed for email: user@example.com
AuthService.Shared.Exceptions.AuthException: An unexpected error occurred during authentication
   at AuthService.Application.Services.AuthService.LoginAsync(LoginRequestDto request, DeviceInfoDto deviceInfo) in D:\SingleProject1\AuthServiceClone2\AuthService.Application\Services\AuthService.cs:line 93
2025-10-05 23:09:07.054 +05:30 [INF] Executing UnauthorizedObjectResult, writing value of type '<>f__AnonymousType2`1[[System.String, System.Private.CoreLib, Version=8.0.0.0, Culture=neutral, PublicKeyToken=7cec85d7bea7798e]]'.
2025-10-05 23:09:07.069 +05:30 [INF] Executed action AuthService.Api.Controllers.AuthController.Login (AuthService.Api) in 11888.7166ms
2025-10-05 23:09:07.070 +05:30 [INF] Executed endpoint 'AuthService.Api.Controllers.AuthController.Login (AuthService.Api)'
2025-10-05 23:09:07.073 +05:30 [INF] HTTP POST /api/Auth/login responded 401 in 12040.1605 ms
2025-10-05 23:09:07.074 +05:30 [INF] Request finished HTTP/2 POST https://localhost:7179/api/Auth/login - 401 null application/json; charset=utf-8 12055.7954ms
2025-10-05 23:11:08.613 +05:30 [ERR] ❌ Failed to connect to Neon Database!
2025-10-05 23:11:08.659 +05:30 [INF] 🚀 Starting Auth API...
2025-10-05 23:11:08.702 +05:30 [INF] User profile is available. Using 'C:\Users\muham\AppData\Local\ASP.NET\DataProtection-Keys' as key repository and Windows DPAPI to encrypt keys at rest.
2025-10-05 23:11:09.010 +05:30 [INF] Now listening on: https://localhost:7179
2025-10-05 23:11:09.014 +05:30 [INF] Now listening on: http://localhost:5179
2025-10-05 23:11:09.154 +05:30 [INF] Application started. Press Ctrl+C to shut down.
2025-10-05 23:11:09.157 +05:30 [INF] Hosting environment: Development
2025-10-05 23:11:09.158 +05:30 [INF] Content root path: D:\SingleProject1\AuthServiceClone2\AuthService
2025-10-05 23:11:10.385 +05:30 [INF] Request starting HTTP/2 GET https://localhost:7179/index.html - null null
2025-10-05 23:11:10.684 +05:30 [INF] Request finished HTTP/2 GET https://localhost:7179/index.html - 200 null text/html;charset=utf-8 309.0202ms
2025-10-05 23:11:10.723 +05:30 [INF] Request starting HTTP/2 GET https://localhost:7179/_framework/aspnetcore-browser-refresh.js - null null
2025-10-05 23:11:10.723 +05:30 [INF] Request starting HTTP/2 GET https://localhost:7179/_vs/browserLink - null null
2025-10-05 23:11:10.745 +05:30 [INF] Request finished HTTP/2 GET https://localhost:7179/_framework/aspnetcore-browser-refresh.js - 200 16515 application/javascript; charset=utf-8 21.6398ms
2025-10-05 23:11:10.799 +05:30 [INF] Request finished HTTP/2 GET https://localhost:7179/_vs/browserLink - 200 null text/javascript; charset=UTF-8 76.0929ms
2025-10-05 23:11:10.857 +05:30 [INF] Request starting HTTP/2 GET https://localhost:7179/swagger/v1/swagger.json - null null
2025-10-05 23:11:10.882 +05:30 [INF] Request finished HTTP/2 GET https://localhost:7179/swagger/v1/swagger.json - 200 null application/json;charset=utf-8 24.4936ms
2025-10-05 23:11:15.188 +05:30 [INF] Request starting HTTP/2 POST https://localhost:7179/api/Auth/login - application/json 57
2025-10-05 23:11:15.195 +05:30 [INF] CORS policy execution successful.
2025-10-05 23:11:15.295 +05:30 [INF] Executing endpoint 'AuthService.Api.Controllers.AuthController.Login (AuthService.Api)'
2025-10-05 23:11:15.333 +05:30 [INF] Route matched with {action = "Login", controller = "Auth"}. Executing controller action with signature System.Threading.Tasks.Task`1[Microsoft.AspNetCore.Mvc.IActionResult] Login(AuthService.Application.DTOs.Auth.LoginRequestDto) on controller AuthService.Api.Controllers.AuthController (AuthService.Api).
2025-10-05 23:11:26.974 +05:30 [ERR] Unexpected error during authentication for email user@example.com
System.Net.Sockets.SocketException (11001): No such host is known.
   at System.Net.NameResolutionPal.ProcessResult(SocketError errorCode, GetAddrInfoExContext* context)
   at System.Net.NameResolutionPal.GetAddressInfoExCallback(Int32 error, Int32 bytes, NativeOverlapped* overlapped)
--- End of stack trace from previous location ---
   at System.Net.Dns.<GetAddrInfoWithTelemetryAsync>g__CompleteAsync|34_0[T](Task task, String hostName, Int64 startingTimestamp)
   at Npgsql.TaskTimeoutAndCancellation.ExecuteAsync(Func`2 getTaskFunc, NpgsqlTimeout timeout, CancellationToken cancellationToken)
   at Npgsql.TaskTimeoutAndCancellation.ExecuteAsync[TResult](Func`2 getTaskFunc, NpgsqlTimeout timeout, CancellationToken cancellationToken)
   at Npgsql.Internal.NpgsqlConnector.ConnectAsync(NpgsqlTimeout timeout, CancellationToken cancellationToken)
   at Npgsql.Internal.NpgsqlConnector.RawOpen(SslMode sslMode, NpgsqlTimeout timeout, Boolean async, CancellationToken cancellationToken)
   at Npgsql.Internal.NpgsqlConnector.<Open>g__OpenCore|214_1(NpgsqlConnector conn, SslMode sslMode, NpgsqlTimeout timeout, Boolean async, CancellationToken cancellationToken)
   at Npgsql.Internal.NpgsqlConnector.Open(NpgsqlTimeout timeout, Boolean async, CancellationToken cancellationToken)
   at Npgsql.PoolingDataSource.OpenNewConnector(NpgsqlConnection conn, NpgsqlTimeout timeout, Boolean async, CancellationToken cancellationToken)
   at Npgsql.PoolingDataSource.<Get>g__RentAsync|33_0(NpgsqlConnection conn, NpgsqlTimeout timeout, Boolean async, CancellationToken cancellationToken)
   at Npgsql.NpgsqlConnection.<Open>g__OpenAsync|42_0(Boolean async, CancellationToken cancellationToken)
   at AuthService.Infrastructure.Data.NpgsqlConnectionFactory.CreateConnectionAsync() in D:\SingleProject1\AuthServiceClone2\AuthService.Infrastructure\Data\NpgsqlConnectionFactory.cs:line 27
   at AuthService.Infrastructure.Services.DatabaseFunctionService.GetConnectionAsync() in D:\SingleProject1\AuthServiceClone2\AuthService.Infrastructure\Services\DatabaseFunctionService.cs:line 27
   at AuthService.Infrastructure.Services.DatabaseFunctionService.AuthenticatePasswordAsync(String email, String password, Object deviceInfo, Nullable`1 requestId) in D:\SingleProject1\AuthServiceClone2\AuthService.Infrastructure\Services\DatabaseFunctionService.cs:line 102
2025-10-05 23:11:27.090 +05:30 [ERR] Login failed for email: user@example.com
AuthService.Shared.Exceptions.AuthException: An unexpected error occurred during authentication
   at AuthService.Application.Services.AuthService.LoginAsync(LoginRequestDto request, DeviceInfoDto deviceInfo) in D:\SingleProject1\AuthServiceClone2\AuthService.Application\Services\AuthService.cs:line 93
2025-10-05 23:11:27.257 +05:30 [INF] Executing UnauthorizedObjectResult, writing value of type '<>f__AnonymousType2`1[[System.String, System.Private.CoreLib, Version=8.0.0.0, Culture=neutral, PublicKeyToken=7cec85d7bea7798e]]'.
2025-10-05 23:11:27.269 +05:30 [INF] Executed action AuthService.Api.Controllers.AuthController.Login (AuthService.Api) in 11927.5847ms
2025-10-05 23:11:27.270 +05:30 [INF] Executed endpoint 'AuthService.Api.Controllers.AuthController.Login (AuthService.Api)'
2025-10-05 23:11:27.273 +05:30 [INF] HTTP POST /api/Auth/login responded 401 in 12075.0007 ms
2025-10-05 23:11:27.274 +05:30 [INF] Request finished HTTP/2 POST https://localhost:7179/api/Auth/login - 401 null application/json; charset=utf-8 12085.9146ms
2025-10-05 23:34:47.428 +05:30 [INF] ✅ Successfully connected to Neon PostgreSQL Database!
2025-10-05 23:34:47.478 +05:30 [INF] 🚀 Starting Auth API...
2025-10-05 23:34:47.517 +05:30 [INF] User profile is available. Using 'C:\Users\muham\AppData\Local\ASP.NET\DataProtection-Keys' as key repository and Windows DPAPI to encrypt keys at rest.
2025-10-05 23:34:47.888 +05:30 [INF] Now listening on: https://localhost:7179
2025-10-05 23:34:47.890 +05:30 [INF] Now listening on: http://localhost:5179
2025-10-05 23:34:48.051 +05:30 [INF] Application started. Press Ctrl+C to shut down.
2025-10-05 23:34:48.057 +05:30 [INF] Hosting environment: Development
2025-10-05 23:34:48.059 +05:30 [INF] Content root path: D:\SingleProject1\AuthServiceClone2\AuthService
2025-10-05 23:34:50.455 +05:30 [INF] Request starting HTTP/2 GET https://localhost:7179/index.html - null null
2025-10-05 23:34:51.017 +05:30 [INF] Request finished HTTP/2 GET https://localhost:7179/index.html - 200 null text/html;charset=utf-8 570.9059ms
2025-10-05 23:34:51.236 +05:30 [INF] Request starting HTTP/2 GET https://localhost:7179/_framework/aspnetcore-browser-refresh.js - null null
2025-10-05 23:34:51.236 +05:30 [INF] Request starting HTTP/2 GET https://localhost:7179/_vs/browserLink - null null
2025-10-05 23:34:51.283 +05:30 [INF] Request finished HTTP/2 GET https://localhost:7179/_framework/aspnetcore-browser-refresh.js - 200 16515 application/javascript; charset=utf-8 47.0559ms
2025-10-05 23:34:51.448 +05:30 [INF] Request finished HTTP/2 GET https://localhost:7179/_vs/browserLink - 200 null text/javascript; charset=UTF-8 211.7904ms
2025-10-05 23:34:51.513 +05:30 [INF] Request starting HTTP/2 GET https://localhost:7179/swagger/v1/swagger.json - null null
2025-10-05 23:34:51.565 +05:30 [INF] Request finished HTTP/2 GET https://localhost:7179/swagger/v1/swagger.json - 200 null application/json;charset=utf-8 52.3329ms
2025-10-05 23:34:56.329 +05:30 [INF] Request starting HTTP/2 POST https://localhost:7179/api/Auth/login - application/json 57
2025-10-05 23:34:56.337 +05:30 [INF] CORS policy execution successful.
2025-10-05 23:34:56.470 +05:30 [INF] Executing endpoint 'AuthService.Api.Controllers.AuthController.Login (AuthService.Api)'
2025-10-05 23:34:56.507 +05:30 [INF] Route matched with {action = "Login", controller = "Auth"}. Executing controller action with signature System.Threading.Tasks.Task`1[Microsoft.AspNetCore.Mvc.IActionResult] Login(AuthService.Application.DTOs.Auth.LoginRequestDto) on controller AuthService.Api.Controllers.AuthController (AuthService.Api).
2025-10-05 23:34:59.857 +05:30 [ERR] Login failed for email: user@example.com
AuthService.Shared.Exceptions.AuthException: Invalid email or password
   at AuthService.Application.Services.AuthService.LoginAsync(LoginRequestDto request, DeviceInfoDto deviceInfo) in D:\SingleProject1\AuthServiceClone2\AuthService.Application\Services\AuthService.cs:line 93
2025-10-05 23:34:59.999 +05:30 [INF] Executing UnauthorizedObjectResult, writing value of type '<>f__AnonymousType2`1[[System.String, System.Private.CoreLib, Version=8.0.0.0, Culture=neutral, PublicKeyToken=7cec85d7bea7798e]]'.
2025-10-05 23:35:00.009 +05:30 [INF] Executed action AuthService.Api.Controllers.AuthController.Login (AuthService.Api) in 3494.1589ms
2025-10-05 23:35:00.011 +05:30 [INF] Executed endpoint 'AuthService.Api.Controllers.AuthController.Login (AuthService.Api)'
2025-10-05 23:35:00.014 +05:30 [INF] HTTP POST /api/Auth/login responded 401 in 3667.6497 ms
2025-10-05 23:35:00.015 +05:30 [INF] Request finished HTTP/2 POST https://localhost:7179/api/Auth/login - 401 null application/json; charset=utf-8 3685.598ms
2025-10-05 23:35:26.426 +05:30 [INF] Request starting HTTP/2 POST https://localhost:7179/api/Auth/login - application/json 70
2025-10-05 23:35:26.446 +05:30 [INF] CORS policy execution successful.
2025-10-05 23:35:26.448 +05:30 [INF] Executing endpoint 'AuthService.Api.Controllers.AuthController.Login (AuthService.Api)'
2025-10-05 23:35:26.451 +05:30 [INF] Route matched with {action = "Login", controller = "Auth"}. Executing controller action with signature System.Threading.Tasks.Task`1[Microsoft.AspNetCore.Mvc.IActionResult] Login(AuthService.Application.DTOs.Auth.LoginRequestDto) on controller AuthService.Api.Controllers.AuthController (AuthService.Api).
2025-10-05 23:35:27.237 +05:30 [INF] Executing OkObjectResult, writing value of type 'AuthService.Application.DTOs.Auth.LoginResponseDto'.
2025-10-05 23:35:27.261 +05:30 [INF] Executed action AuthService.Api.Controllers.AuthController.Login (AuthService.Api) in 808.5066ms
2025-10-05 23:35:27.262 +05:30 [INF] Executed endpoint 'AuthService.Api.Controllers.AuthController.Login (AuthService.Api)'
2025-10-05 23:35:27.262 +05:30 [INF] HTTP POST /api/Auth/login responded 200 in 815.4382 ms
2025-10-05 23:35:27.263 +05:30 [INF] Request finished HTTP/2 POST https://localhost:7179/api/Auth/login - 200 null application/json; charset=utf-8 836.5336ms
