2025-09-15 00:10:27.748 +05:30 [INF] Starting Auth API
2025-09-15 00:10:27.955 +05:30 [INF] User profile is available. Using 'C:\Users\muham\AppData\Local\ASP.NET\DataProtection-Keys' as key repository and Windows DPAPI to encrypt keys at rest.
2025-09-15 00:10:28.569 +05:30 [INF] Now listening on: https://localhost:7179
2025-09-15 00:10:28.569 +05:30 [INF] Now listening on: http://localhost:5179
2025-09-15 00:10:28.648 +05:30 [INF] Application started. Press Ctrl+C to shut down.
2025-09-15 00:10:28.652 +05:30 [INF] Hosting environment: Development
2025-09-15 00:10:28.653 +05:30 [INF] Content root path: D:\SingleProject1\AuthService\AuthService.Api\AuthService
2025-09-15 00:10:30.395 +05:30 [INF] Request starting HTTP/2 GET https://localhost:7179/index.html - null null
2025-09-15 00:10:30.948 +05:30 [INF] Request finished HTTP/2 GET https://localhost:7179/index.html - 200 null text/html;charset=utf-8 576.6423ms
2025-09-15 00:10:31.013 +05:30 [INF] Request starting HTTP/2 GET https://localhost:7179/_framework/aspnetcore-browser-refresh.js - null null
2025-09-15 00:10:31.032 +05:30 [INF] Request starting HTTP/2 GET https://localhost:7179/_vs/browserLink - null null
2025-09-15 00:10:31.064 +05:30 [INF] Request finished HTTP/2 GET https://localhost:7179/_framework/aspnetcore-browser-refresh.js - 200 16515 application/javascript; charset=utf-8 52.4673ms
2025-09-15 00:10:31.391 +05:30 [INF] Request finished HTTP/2 GET https://localhost:7179/_vs/browserLink - 200 null text/javascript; charset=UTF-8 359.5899ms
2025-09-15 00:10:31.480 +05:30 [INF] Request starting HTTP/2 GET https://localhost:7179/swagger/v1/swagger.json - null null
2025-09-15 00:10:31.571 +05:30 [INF] Request finished HTTP/2 GET https://localhost:7179/swagger/v1/swagger.json - 200 null application/json;charset=utf-8 90.4138ms
2025-09-15 00:27:05.547 +05:30 [INF] Starting Auth API
2025-09-15 00:27:05.825 +05:30 [INF] User profile is available. Using 'C:\Users\muham\AppData\Local\ASP.NET\DataProtection-Keys' as key repository and Windows DPAPI to encrypt keys at rest.
2025-09-15 00:27:06.594 +05:30 [INF] Now listening on: https://localhost:7179
2025-09-15 00:27:06.594 +05:30 [INF] Now listening on: http://localhost:5179
2025-09-15 00:27:06.692 +05:30 [INF] Application started. Press Ctrl+C to shut down.
2025-09-15 00:27:06.697 +05:30 [INF] Hosting environment: Development
2025-09-15 00:27:06.703 +05:30 [INF] Content root path: D:\SingleProject1\AuthService\AuthService.Api\AuthService
2025-09-15 00:27:08.024 +05:30 [INF] Request starting HTTP/2 GET https://localhost:7179/index.html - null null
2025-09-15 00:27:08.394 +05:30 [INF] Request finished HTTP/2 GET https://localhost:7179/index.html - 200 null text/html;charset=utf-8 380.6411ms
2025-09-15 00:27:08.423 +05:30 [INF] Request starting HTTP/2 GET https://localhost:7179/_framework/aspnetcore-browser-refresh.js - null null
2025-09-15 00:27:08.423 +05:30 [INF] Request starting HTTP/2 GET https://localhost:7179/_vs/browserLink - null null
2025-09-15 00:27:08.466 +05:30 [INF] Request finished HTTP/2 GET https://localhost:7179/_framework/aspnetcore-browser-refresh.js - 200 16515 application/javascript; charset=utf-8 44.0186ms
2025-09-15 00:27:08.576 +05:30 [INF] Request finished HTTP/2 GET https://localhost:7179/_vs/browserLink - 200 null text/javascript; charset=UTF-8 153.2105ms
2025-09-15 00:27:08.641 +05:30 [INF] Request starting HTTP/2 GET https://localhost:7179/swagger/v1/swagger.json - null null
2025-09-15 00:27:08.687 +05:30 [INF] Request finished HTTP/2 GET https://localhost:7179/swagger/v1/swagger.json - 200 null application/json;charset=utf-8 45.9572ms
2025-09-15 00:27:47.980 +05:30 [INF] Request starting HTTP/2 GET https://localhost:7179/index.html - null null
2025-09-15 00:27:48.000 +05:30 [INF] Request finished HTTP/2 GET https://localhost:7179/index.html - 200 null text/html;charset=utf-8 19.5834ms
2025-09-15 00:27:48.065 +05:30 [INF] Request starting HTTP/2 GET https://localhost:7179/_framework/aspnetcore-browser-refresh.js - null null
2025-09-15 00:27:48.065 +05:30 [INF] Request starting HTTP/2 GET https://localhost:7179/_vs/browserLink - null null
2025-09-15 00:27:48.084 +05:30 [INF] Request finished HTTP/2 GET https://localhost:7179/_framework/aspnetcore-browser-refresh.js - 200 16515 application/javascript; charset=utf-8 19.1838ms
2025-09-15 00:27:48.127 +05:30 [INF] Request finished HTTP/2 GET https://localhost:7179/_vs/browserLink - 200 null text/javascript; charset=UTF-8 61.7922ms
2025-09-15 00:27:48.219 +05:30 [INF] Request starting HTTP/2 GET https://localhost:7179/swagger/v1/swagger.json - null null
2025-09-15 00:27:48.249 +05:30 [INF] Request finished HTTP/2 GET https://localhost:7179/swagger/v1/swagger.json - 200 null application/json;charset=utf-8 29.6584ms
2025-09-15 00:28:10.749 +05:30 [INF] Starting Auth API
2025-09-15 00:28:10.880 +05:30 [INF] User profile is available. Using 'C:\Users\muham\AppData\Local\ASP.NET\DataProtection-Keys' as key repository and Windows DPAPI to encrypt keys at rest.
2025-09-15 00:28:11.288 +05:30 [INF] Now listening on: https://localhost:7179
2025-09-15 00:28:11.288 +05:30 [INF] Now listening on: http://localhost:5179
2025-09-15 00:28:11.380 +05:30 [INF] Application started. Press Ctrl+C to shut down.
2025-09-15 00:28:11.380 +05:30 [INF] Hosting environment: Development
2025-09-15 00:28:11.384 +05:30 [INF] Content root path: D:\SingleProject1\AuthService\AuthService.Api\AuthService
2025-09-15 00:28:12.045 +05:30 [INF] Request starting HTTP/2 GET https://localhost:7179/index.html - null null
2025-09-15 00:28:12.541 +05:30 [INF] Request finished HTTP/2 GET https://localhost:7179/index.html - 200 null text/html;charset=utf-8 508.321ms
2025-09-15 00:28:12.595 +05:30 [INF] Request starting HTTP/2 GET https://localhost:7179/_framework/aspnetcore-browser-refresh.js - null null
2025-09-15 00:28:12.596 +05:30 [INF] Request starting HTTP/2 GET https://localhost:7179/_vs/browserLink - null null
2025-09-15 00:28:12.623 +05:30 [INF] Request finished HTTP/2 GET https://localhost:7179/_framework/aspnetcore-browser-refresh.js - 200 16515 application/javascript; charset=utf-8 28.0209ms
2025-09-15 00:28:12.866 +05:30 [INF] Request finished HTTP/2 GET https://localhost:7179/_vs/browserLink - 200 null text/javascript; charset=UTF-8 270.2966ms
2025-09-15 00:28:13.057 +05:30 [INF] Request starting HTTP/2 GET https://localhost:7179/swagger/v1/swagger.json - null null
2025-09-15 00:28:13.102 +05:30 [INF] Request finished HTTP/2 GET https://localhost:7179/swagger/v1/swagger.json - 200 null application/json;charset=utf-8 45.5998ms
2025-09-15 01:36:16.193 +05:30 [INF] Starting Auth API
2025-09-15 01:36:16.374 +05:30 [INF] User profile is available. Using 'C:\Users\muham\AppData\Local\ASP.NET\DataProtection-Keys' as key repository and Windows DPAPI to encrypt keys at rest.
2025-09-15 01:36:16.978 +05:30 [INF] Now listening on: https://localhost:7179
2025-09-15 01:36:16.984 +05:30 [INF] Now listening on: http://localhost:5179
2025-09-15 01:36:17.121 +05:30 [INF] Application started. Press Ctrl+C to shut down.
2025-09-15 01:36:17.141 +05:30 [INF] Hosting environment: Development
2025-09-15 01:36:17.152 +05:30 [INF] Content root path: D:\SingleProject1\AuthService\AuthService.Api\AuthService
2025-09-15 01:36:18.809 +05:30 [INF] Request starting HTTP/2 GET https://localhost:7179/index.html - null null
2025-09-15 01:36:19.569 +05:30 [INF] Request finished HTTP/2 GET https://localhost:7179/index.html - 200 null text/html;charset=utf-8 773.2845ms
2025-09-15 01:36:19.607 +05:30 [INF] Request starting HTTP/2 GET https://localhost:7179/_framework/aspnetcore-browser-refresh.js - null null
2025-09-15 01:36:19.637 +05:30 [INF] Request starting HTTP/2 GET https://localhost:7179/_vs/browserLink - null null
2025-09-15 01:36:19.661 +05:30 [INF] Request finished HTTP/2 GET https://localhost:7179/_framework/aspnetcore-browser-refresh.js - 200 16515 application/javascript; charset=utf-8 54.1341ms
2025-09-15 01:36:20.032 +05:30 [INF] Request finished HTTP/2 GET https://localhost:7179/_vs/browserLink - 200 null text/javascript; charset=UTF-8 394.962ms
2025-09-15 01:36:20.190 +05:30 [INF] Request starting HTTP/2 GET https://localhost:7179/swagger/v1/swagger.json - null null
2025-09-15 01:36:20.238 +05:30 [INF] Request finished HTTP/2 GET https://localhost:7179/swagger/v1/swagger.json - 200 null application/json;charset=utf-8 48.0192ms
