2025-09-14 13:31:49.785 +05:30 [INF] Starting Auth API
2025-09-14 13:31:49.984 +05:30 [INF] User profile is available. Using 'C:\Users\muham\AppData\Local\ASP.NET\DataProtection-Keys' as key repository and Windows DPAPI to encrypt keys at rest.
2025-09-14 13:31:50.825 +05:30 [INF] Now listening on: https://localhost:7179
2025-09-14 13:31:50.828 +05:30 [INF] Now listening on: http://localhost:5007
2025-09-14 13:31:50.926 +05:30 [INF] Application started. Press Ctrl+C to shut down.
2025-09-14 13:31:50.937 +05:30 [INF] Hosting environment: Development
2025-09-14 13:31:50.942 +05:30 [INF] Content root path: D:\SingleProject1\AuthService\AuthService.Api\AuthService
2025-09-14 13:31:53.263 +05:30 [INF] Request starting HTTP/2 GET https://localhost:7179/swagger - null null
2025-09-14 13:31:56.046 +05:30 [INF] HTTP GET /swagger responded 404 in 2358.9832 ms
2025-09-14 13:31:56.077 +05:30 [INF] Request finished HTTP/2 GET https://localhost:7179/swagger - 404 0 null 2824.8174ms
2025-09-14 13:31:56.086 +05:30 [INF] Request reached the end of the middleware pipeline without being handled by application code. Request path: GET https://localhost:7179/swagger, Response status code: 404
2025-09-14 13:31:58.545 +05:30 [INF] Request starting HTTP/2 GET https://localhost:7179/swagger - null null
2025-09-14 13:31:58.562 +05:30 [INF] HTTP GET /swagger responded 404 in 1.7563 ms
2025-09-14 13:31:58.563 +05:30 [INF] Request finished HTTP/2 GET https://localhost:7179/swagger - 404 0 null 18.747ms
2025-09-14 13:31:58.566 +05:30 [INF] Request reached the end of the middleware pipeline without being handled by application code. Request path: GET https://localhost:7179/swagger, Response status code: 404
2025-09-14 13:31:59.591 +05:30 [INF] Request starting HTTP/2 GET https://localhost:7179/swagger - null null
2025-09-14 13:31:59.594 +05:30 [INF] Request starting HTTP/2 GET https://localhost:7179/swagger - null null
2025-09-14 13:31:59.693 +05:30 [INF] HTTP GET /swagger responded 404 in 2.5774 ms
2025-09-14 13:31:59.693 +05:30 [INF] HTTP GET /swagger responded 404 in 2.5753 ms
2025-09-14 13:31:59.697 +05:30 [INF] Request finished HTTP/2 GET https://localhost:7179/swagger - 499 null null 106.451ms
2025-09-14 13:31:59.698 +05:30 [INF] Request finished HTTP/2 GET https://localhost:7179/swagger - 404 0 null 103.4475ms
2025-09-14 13:31:59.698 +05:30 [INF] Request reached the end of the middleware pipeline without being handled by application code. Request path: GET https://localhost:7179/swagger, Response status code: 499
2025-09-14 13:31:59.698 +05:30 [INF] Request reached the end of the middleware pipeline without being handled by application code. Request path: GET https://localhost:7179/swagger, Response status code: 404
2025-09-14 13:31:59.908 +05:30 [INF] Request starting HTTP/2 GET https://localhost:7179/swagger - null null
2025-09-14 13:31:59.926 +05:30 [INF] Request starting HTTP/2 GET https://localhost:7179/swagger - null null
2025-09-14 13:31:59.930 +05:30 [INF] HTTP GET /swagger responded 404 in 0.1031 ms
2025-09-14 13:31:59.941 +05:30 [INF] HTTP GET /swagger responded 404 in 0.1069 ms
2025-09-14 13:31:59.941 +05:30 [INF] Request finished HTTP/2 GET https://localhost:7179/swagger - 499 null null 33.3576ms
2025-09-14 13:31:59.943 +05:30 [INF] Request reached the end of the middleware pipeline without being handled by application code. Request path: GET https://localhost:7179/swagger, Response status code: 499
2025-09-14 13:31:59.944 +05:30 [INF] Request finished HTTP/2 GET https://localhost:7179/swagger - 404 0 null 16.7992ms
2025-09-14 13:31:59.951 +05:30 [INF] Request reached the end of the middleware pipeline without being handled by application code. Request path: GET https://localhost:7179/swagger, Response status code: 404
2025-09-14 13:32:00.278 +05:30 [INF] Request starting HTTP/2 GET https://localhost:7179/swagger - null null
2025-09-14 13:32:00.281 +05:30 [INF] Request starting HTTP/2 GET https://localhost:7179/swagger - null null
2025-09-14 13:32:00.311 +05:30 [INF] HTTP GET /swagger responded 404 in 0.1602 ms
2025-09-14 13:32:00.332 +05:30 [INF] HTTP GET /swagger responded 404 in 0.0956 ms
2025-09-14 13:32:00.332 +05:30 [INF] Request finished HTTP/2 GET https://localhost:7179/swagger - 404 0 null 51.3316ms
2025-09-14 13:32:00.345 +05:30 [INF] Request finished HTTP/2 GET https://localhost:7179/swagger - 499 null null 66.9247ms
2025-09-14 13:32:00.346 +05:30 [INF] Request reached the end of the middleware pipeline without being handled by application code. Request path: GET https://localhost:7179/swagger, Response status code: 404
2025-09-14 13:32:00.346 +05:30 [INF] Request reached the end of the middleware pipeline without being handled by application code. Request path: GET https://localhost:7179/swagger, Response status code: 499
2025-09-14 13:32:00.670 +05:30 [INF] Request starting HTTP/2 GET https://localhost:7179/swagger - null null
2025-09-14 13:32:00.687 +05:30 [INF] Request starting HTTP/2 GET https://localhost:7179/swagger - null null
2025-09-14 13:32:00.705 +05:30 [INF] HTTP GET /swagger responded 404 in 0.3238 ms
2025-09-14 13:32:00.705 +05:30 [INF] HTTP GET /swagger responded 404 in 0.0802 ms
2025-09-14 13:32:00.706 +05:30 [INF] Request finished HTTP/2 GET https://localhost:7179/swagger - 404 0 null 18.6277ms
2025-09-14 13:32:00.706 +05:30 [INF] Request reached the end of the middleware pipeline without being handled by application code. Request path: GET https://localhost:7179/swagger, Response status code: 404
2025-09-14 13:32:00.705 +05:30 [INF] Request finished HTTP/2 GET https://localhost:7179/swagger - 499 null null 35.5978ms
2025-09-14 13:32:00.721 +05:30 [INF] Request reached the end of the middleware pipeline without being handled by application code. Request path: GET https://localhost:7179/swagger, Response status code: 499
2025-09-14 13:32:01.304 +05:30 [INF] Request starting HTTP/2 GET https://localhost:7179/swagger - null null
2025-09-14 13:32:01.314 +05:30 [INF] Request starting HTTP/2 GET https://localhost:7179/swagger - null null
2025-09-14 13:32:01.339 +05:30 [INF] HTTP GET /swagger responded 404 in 0.1142 ms
2025-09-14 13:32:01.341 +05:30 [INF] Request finished HTTP/2 GET https://localhost:7179/swagger - 499 null null 37.8915ms
2025-09-14 13:32:01.341 +05:30 [INF] HTTP GET /swagger responded 404 in 0.1069 ms
2025-09-14 13:32:01.342 +05:30 [INF] Request reached the end of the middleware pipeline without being handled by application code. Request path: GET https://localhost:7179/swagger, Response status code: 499
2025-09-14 13:32:01.342 +05:30 [INF] Request finished HTTP/2 GET https://localhost:7179/swagger - 404 0 null 28.0087ms
2025-09-14 13:32:01.342 +05:30 [INF] Request reached the end of the middleware pipeline without being handled by application code. Request path: GET https://localhost:7179/swagger, Response status code: 404
2025-09-14 13:32:01.705 +05:30 [INF] Request starting HTTP/2 GET https://localhost:7179/swagger - null null
2025-09-14 13:32:01.712 +05:30 [INF] HTTP GET /swagger responded 404 in 0.1320 ms
2025-09-14 13:32:01.712 +05:30 [INF] Request finished HTTP/2 GET https://localhost:7179/swagger - 404 0 null 7.1465ms
2025-09-14 13:32:01.715 +05:30 [INF] Request reached the end of the middleware pipeline without being handled by application code. Request path: GET https://localhost:7179/swagger, Response status code: 404
2025-09-14 13:32:02.052 +05:30 [INF] Request starting HTTP/2 GET https://localhost:7179/swagger - null null
2025-09-14 13:32:02.079 +05:30 [INF] Request starting HTTP/2 GET https://localhost:7179/swagger - null null
2025-09-14 13:32:02.092 +05:30 [INF] HTTP GET /swagger responded 404 in 0.1037 ms
2025-09-14 13:32:02.093 +05:30 [INF] Request finished HTTP/2 GET https://localhost:7179/swagger - 404 0 null 14.1056ms
2025-09-14 13:32:02.093 +05:30 [INF] HTTP GET /swagger responded 404 in 0.0801 ms
2025-09-14 13:32:02.094 +05:30 [INF] Request reached the end of the middleware pipeline without being handled by application code. Request path: GET https://localhost:7179/swagger, Response status code: 404
2025-09-14 13:32:02.097 +05:30 [INF] Request finished HTTP/2 GET https://localhost:7179/swagger - 499 null null 45.005ms
2025-09-14 13:32:02.098 +05:30 [INF] Request reached the end of the middleware pipeline without being handled by application code. Request path: GET https://localhost:7179/swagger, Response status code: 499
2025-09-14 13:32:02.420 +05:30 [INF] Request starting HTTP/2 GET https://localhost:7179/swagger - null null
2025-09-14 13:32:02.437 +05:30 [INF] HTTP GET /swagger responded 404 in 0.1259 ms
2025-09-14 13:32:02.438 +05:30 [INF] Request finished HTTP/2 GET https://localhost:7179/swagger - 404 0 null 17.5099ms
2025-09-14 13:32:02.442 +05:30 [INF] Request reached the end of the middleware pipeline without being handled by application code. Request path: GET https://localhost:7179/swagger, Response status code: 404
2025-09-14 13:32:17.079 +05:30 [INF] Starting Auth API
2025-09-14 13:32:17.192 +05:30 [INF] User profile is available. Using 'C:\Users\muham\AppData\Local\ASP.NET\DataProtection-Keys' as key repository and Windows DPAPI to encrypt keys at rest.
2025-09-14 13:32:17.604 +05:30 [INF] Now listening on: https://localhost:7179
2025-09-14 13:32:17.608 +05:30 [INF] Now listening on: http://localhost:5007
2025-09-14 13:32:17.737 +05:30 [INF] Application started. Press Ctrl+C to shut down.
2025-09-14 13:32:17.749 +05:30 [INF] Hosting environment: Development
2025-09-14 13:32:17.750 +05:30 [INF] Content root path: D:\SingleProject1\AuthService\AuthService.Api\AuthService
2025-09-14 13:32:18.503 +05:30 [INF] Request starting HTTP/2 GET https://localhost:7179/swagger - null null
2025-09-14 13:32:18.812 +05:30 [INF] HTTP GET /swagger responded 404 in 115.2939 ms
2025-09-14 13:32:18.823 +05:30 [INF] Request finished HTTP/2 GET https://localhost:7179/swagger - 404 0 null 332.995ms
2025-09-14 13:32:18.832 +05:30 [INF] Request reached the end of the middleware pipeline without being handled by application code. Request path: GET https://localhost:7179/swagger, Response status code: 404
2025-09-14 13:34:01.650 +05:30 [INF] Starting Auth API
2025-09-14 13:34:01.773 +05:30 [INF] User profile is available. Using 'C:\Users\muham\AppData\Local\ASP.NET\DataProtection-Keys' as key repository and Windows DPAPI to encrypt keys at rest.
2025-09-14 13:34:02.301 +05:30 [INF] Now listening on: https://localhost:7179
2025-09-14 13:34:02.307 +05:30 [INF] Now listening on: http://localhost:5007
2025-09-14 13:34:02.403 +05:30 [INF] Application started. Press Ctrl+C to shut down.
2025-09-14 13:34:02.412 +05:30 [INF] Hosting environment: Development
2025-09-14 13:34:02.419 +05:30 [INF] Content root path: D:\SingleProject1\AuthService\AuthService.Api\AuthService
2025-09-14 13:34:03.384 +05:30 [INF] Request starting HTTP/2 GET https://localhost:7179/swagger - null null
2025-09-14 13:34:03.921 +05:30 [INF] HTTP GET /swagger responded 404 in 287.7742 ms
2025-09-14 13:34:03.933 +05:30 [INF] Request finished HTTP/2 GET https://localhost:7179/swagger - 404 0 null 561.3414ms
2025-09-14 13:34:03.937 +05:30 [INF] Request reached the end of the middleware pipeline without being handled by application code. Request path: GET https://localhost:7179/swagger, Response status code: 404
2025-09-14 13:35:58.621 +05:30 [INF] Starting Auth API
2025-09-14 13:35:58.757 +05:30 [INF] User profile is available. Using 'C:\Users\muham\AppData\Local\ASP.NET\DataProtection-Keys' as key repository and Windows DPAPI to encrypt keys at rest.
2025-09-14 13:35:59.250 +05:30 [INF] Now listening on: https://localhost:7179
2025-09-14 13:35:59.256 +05:30 [INF] Now listening on: http://localhost:5179
2025-09-14 13:35:59.323 +05:30 [INF] Application started. Press Ctrl+C to shut down.
2025-09-14 13:35:59.324 +05:30 [INF] Hosting environment: Development
2025-09-14 13:35:59.325 +05:30 [INF] Content root path: D:\SingleProject1\AuthService\AuthService.Api\AuthService
2025-09-14 13:36:00.125 +05:30 [INF] Request starting HTTP/2 GET https://localhost:7179/ - null null
2025-09-14 13:36:00.331 +05:30 [INF] Request finished HTTP/2 GET https://localhost:7179/ - 301 0 null 220.2363ms
2025-09-14 13:36:00.364 +05:30 [INF] Request starting HTTP/2 GET https://localhost:7179/index.html - null null
2025-09-14 13:36:00.515 +05:30 [INF] Request starting HTTP/2 GET https://localhost:7179/swagger-ui.css - null null
2025-09-14 13:36:00.521 +05:30 [INF] Request starting HTTP/2 GET https://localhost:7179/swagger-ui-bundle.js - null null
2025-09-14 13:36:00.521 +05:30 [INF] Request starting HTTP/2 GET https://localhost:7179/swagger-ui-standalone-preset.js - null null
2025-09-14 13:36:00.529 +05:30 [INF] Request finished HTTP/2 GET https://localhost:7179/index.html - 200 null text/html;charset=utf-8 164.743ms
2025-09-14 13:36:00.617 +05:30 [INF] Request starting HTTP/2 GET https://localhost:7179/_framework/aspnetcore-browser-refresh.js - null null
2025-09-14 13:36:00.753 +05:30 [INF] Request starting HTTP/2 GET https://localhost:7179/_vs/browserLink - null null
2025-09-14 13:36:00.868 +05:30 [INF] Request finished HTTP/2 GET https://localhost:7179/_framework/aspnetcore-browser-refresh.js - 200 16515 application/javascript; charset=utf-8 251.4796ms
2025-09-14 13:36:01.100 +05:30 [INF] Sending file. Request path: '/swagger-ui.css'. Physical path: 'N/A'
2025-09-14 13:36:01.100 +05:30 [INF] Request finished HTTP/2 GET https://localhost:7179/swagger-ui.css - 200 152034 text/css 585.3662ms
2025-09-14 13:36:01.260 +05:30 [INF] Sending file. Request path: '/swagger-ui-standalone-preset.js'. Physical path: 'N/A'
2025-09-14 13:36:01.261 +05:30 [INF] Request finished HTTP/2 GET https://localhost:7179/swagger-ui-standalone-preset.js - 200 230280 text/javascript 740.0929ms
2025-09-14 13:36:01.993 +05:30 [INF] Sending file. Request path: '/swagger-ui-bundle.js'. Physical path: 'N/A'
2025-09-14 13:36:01.995 +05:30 [INF] Request finished HTTP/2 GET https://localhost:7179/swagger-ui-bundle.js - 200 1456926 text/javascript 1474.4496ms
2025-09-14 13:36:02.062 +05:30 [INF] Request finished HTTP/2 GET https://localhost:7179/_vs/browserLink - 200 null text/javascript; charset=UTF-8 1308.6897ms
2025-09-14 13:36:02.229 +05:30 [INF] Request starting HTTP/2 GET https://localhost:7179/swagger/v1/swagger.json - null null
2025-09-14 13:36:02.266 +05:30 [INF] Request starting HTTP/2 GET https://localhost:7179/favicon-32x32.png - null null
2025-09-14 13:36:02.283 +05:30 [INF] Request finished HTTP/2 GET https://localhost:7179/swagger/v1/swagger.json - 200 null application/json;charset=utf-8 53.9493ms
2025-09-14 13:36:02.288 +05:30 [INF] Sending file. Request path: '/favicon-32x32.png'. Physical path: 'N/A'
2025-09-14 13:36:02.301 +05:30 [INF] Request finished HTTP/2 GET https://localhost:7179/favicon-32x32.png - 200 628 image/png 34.2413ms
2025-09-14 14:34:30.952 +05:30 [INF] Starting Auth API
2025-09-14 14:34:31.139 +05:30 [INF] User profile is available. Using 'C:\Users\mshah\AppData\Local\ASP.NET\DataProtection-Keys' as key repository and Windows DPAPI to encrypt keys at rest.
2025-09-14 14:34:31.941 +05:30 [INF] Now listening on: https://localhost:7179
2025-09-14 14:34:31.942 +05:30 [INF] Now listening on: http://localhost:5179
2025-09-14 14:34:32.111 +05:30 [INF] Application started. Press Ctrl+C to shut down.
2025-09-14 14:34:32.112 +05:30 [INF] Hosting environment: Development
2025-09-14 14:34:32.112 +05:30 [INF] Content root path: C:\Users\mshah\Locafy\Locafy\Backend\LocafyMicroservice\services\auth-service\AuthService
2025-09-14 14:34:33.239 +05:30 [INF] Request starting HTTP/2 GET https://localhost:7179/ - null null
2025-09-14 14:34:33.761 +05:30 [INF] Request finished HTTP/2 GET https://localhost:7179/ - 301 0 null 549.4024ms
2025-09-14 14:34:33.793 +05:30 [INF] Request starting HTTP/2 GET https://localhost:7179/index.html - null null
2025-09-14 14:34:34.016 +05:30 [INF] Request finished HTTP/2 GET https://localhost:7179/index.html - 200 null text/html;charset=utf-8 223.1902ms
2025-09-14 14:34:34.021 +05:30 [INF] Request starting HTTP/2 GET https://localhost:7179/swagger-ui.css - null null
2025-09-14 14:34:34.040 +05:30 [INF] Request starting HTTP/2 GET https://localhost:7179/swagger-ui-bundle.js - null null
2025-09-14 14:34:34.040 +05:30 [INF] Request starting HTTP/2 GET https://localhost:7179/swagger-ui-standalone-preset.js - null null
2025-09-14 14:34:34.040 +05:30 [INF] Request starting HTTP/2 GET https://localhost:7179/_framework/aspnetcore-browser-refresh.js - null null
2025-09-14 14:34:34.080 +05:30 [INF] Request starting HTTP/2 GET https://localhost:7179/_vs/browserLink - null null
2025-09-14 14:34:34.080 +05:30 [INF] Request finished HTTP/2 GET https://localhost:7179/_framework/aspnetcore-browser-refresh.js - 200 16515 application/javascript; charset=utf-8 38.3726ms
2025-09-14 14:34:34.189 +05:30 [INF] Sending file. Request path: '/swagger-ui.css'. Physical path: 'N/A'
2025-09-14 14:34:34.189 +05:30 [INF] Sending file. Request path: '/swagger-ui-standalone-preset.js'. Physical path: 'N/A'
2025-09-14 14:34:34.192 +05:30 [INF] Request finished HTTP/2 GET https://localhost:7179/swagger-ui.css - 200 152034 text/css 170.4494ms
2025-09-14 14:34:34.192 +05:30 [INF] Request finished HTTP/2 GET https://localhost:7179/swagger-ui-standalone-preset.js - 200 230280 text/javascript 152.2161ms
2025-09-14 14:34:34.252 +05:30 [INF] Sending file. Request path: '/swagger-ui-bundle.js'. Physical path: 'N/A'
2025-09-14 14:34:34.254 +05:30 [INF] Request finished HTTP/2 GET https://localhost:7179/swagger-ui-bundle.js - 200 1456926 text/javascript 214.7452ms
2025-09-14 14:34:34.300 +05:30 [INF] Request finished HTTP/2 GET https://localhost:7179/_vs/browserLink - 200 null text/javascript; charset=UTF-8 222.6491ms
2025-09-14 14:34:34.452 +05:30 [INF] Request starting HTTP/2 GET https://localhost:7179/swagger/v1/swagger.json - null null
2025-09-14 14:34:34.486 +05:30 [INF] Request starting HTTP/2 GET https://localhost:7179/favicon-32x32.png - null null
2025-09-14 14:34:34.487 +05:30 [INF] Sending file. Request path: '/favicon-32x32.png'. Physical path: 'N/A'
2025-09-14 14:34:34.488 +05:30 [INF] Request finished HTTP/2 GET https://localhost:7179/favicon-32x32.png - 200 628 image/png 2.7503ms
2025-09-14 14:34:34.497 +05:30 [INF] Request finished HTTP/2 GET https://localhost:7179/swagger/v1/swagger.json - 200 null application/json;charset=utf-8 45.7955ms
2025-09-14 14:45:31.494 +05:30 [INF] Starting Auth API
2025-09-14 14:45:31.692 +05:30 [INF] User profile is available. Using 'C:\Users\mshah\AppData\Local\ASP.NET\DataProtection-Keys' as key repository and Windows DPAPI to encrypt keys at rest.
2025-09-14 14:45:32.240 +05:30 [INF] Now listening on: https://localhost:7179
2025-09-14 14:45:32.241 +05:30 [INF] Now listening on: http://localhost:5179
2025-09-14 14:45:32.397 +05:30 [INF] Application started. Press Ctrl+C to shut down.
2025-09-14 14:45:32.398 +05:30 [INF] Hosting environment: Development
2025-09-14 14:45:32.399 +05:30 [INF] Content root path: C:\Users\mshah\Locafy\Locafy\Backend\LocafyMicroservice\services\auth-service\AuthService
2025-09-14 14:45:33.059 +05:30 [INF] Request starting HTTP/2 GET https://localhost:7179/index.html - null null
2025-09-14 14:45:33.609 +05:30 [INF] Request finished HTTP/2 GET https://localhost:7179/index.html - 200 null text/html;charset=utf-8 560.4764ms
2025-09-14 14:45:33.629 +05:30 [INF] Request starting HTTP/2 GET https://localhost:7179/_framework/aspnetcore-browser-refresh.js - null null
2025-09-14 14:45:33.651 +05:30 [INF] Request starting HTTP/2 GET https://localhost:7179/_vs/browserLink - null null
2025-09-14 14:45:33.651 +05:30 [INF] Request finished HTTP/2 GET https://localhost:7179/_framework/aspnetcore-browser-refresh.js - 200 16515 application/javascript; charset=utf-8 22.3181ms
2025-09-14 14:45:33.744 +05:30 [INF] Request finished HTTP/2 GET https://localhost:7179/_vs/browserLink - 200 null text/javascript; charset=UTF-8 93.3554ms
2025-09-14 14:45:33.925 +05:30 [INF] Request starting HTTP/2 GET https://localhost:7179/swagger/v1/swagger.json - null null
2025-09-14 14:45:33.972 +05:30 [INF] Request finished HTTP/2 GET https://localhost:7179/swagger/v1/swagger.json - 200 null application/json;charset=utf-8 47.1612ms
2025-09-14 14:46:07.375 +05:30 [INF] Request starting HTTP/2 POST https://localhost:7179/api/Auth/register - application/json 390
2025-09-14 14:46:07.391 +05:30 [INF] CORS policy execution successful.
2025-09-14 14:46:07.668 +05:30 [INF] Executing endpoint 'AuthService.Api.Controllers.AuthController.Register (AuthService.Api)'
2025-09-14 14:46:07.747 +05:30 [INF] Route matched with {action = "Register", controller = "Auth"}. Executing controller action with signature System.Threading.Tasks.Task`1[Microsoft.AspNetCore.Mvc.IActionResult] Register(AuthService.Application.DTOs.Auth.RegisterRequestDto) on controller AuthService.Api.Controllers.AuthController (AuthService.Api).
2025-09-14 14:46:07.765 +05:30 [INF] Executed action AuthService.Api.Controllers.AuthController.Register (AuthService.Api) in 9.9511ms
2025-09-14 14:46:07.769 +05:30 [INF] Executed endpoint 'AuthService.Api.Controllers.AuthController.Register (AuthService.Api)'
2025-09-14 14:46:07.987 +05:30 [ERR] An unhandled exception occurred
System.InvalidOperationException: Unable to resolve service for type 'AuthService.Application.Interfaces.IAuthService' while attempting to activate 'AuthService.Api.Controllers.AuthController'.
   at Microsoft.Extensions.DependencyInjection.ActivatorUtilities.ThrowHelperUnableToResolveService(Type type, Type requiredBy)
   at lambda_method10(Closure, IServiceProvider, Object[])
   at Microsoft.AspNetCore.Mvc.Controllers.ControllerFactoryProvider.<>c__DisplayClass6_0.<CreateControllerFactory>g__CreateController|0(ControllerContext controllerContext)
   at Microsoft.AspNetCore.Mvc.Infrastructure.ControllerActionInvoker.Next(State& next, Scope& scope, Object& state, Boolean& isCompleted)
   at Microsoft.AspNetCore.Mvc.Infrastructure.ControllerActionInvoker.InvokeInnerFilterAsync()
--- End of stack trace from previous location ---
   at Microsoft.AspNetCore.Mvc.Infrastructure.ResourceInvoker.<InvokeFilterPipelineAsync>g__Awaited|20_0(ResourceInvoker invoker, Task lastTask, State next, Scope scope, Object state, Boolean isCompleted)
   at Microsoft.AspNetCore.Mvc.Infrastructure.ResourceInvoker.<InvokeAsync>g__Logged|17_1(ResourceInvoker invoker)
   at Microsoft.AspNetCore.Mvc.Infrastructure.ResourceInvoker.<InvokeAsync>g__Logged|17_1(ResourceInvoker invoker)
   at Microsoft.AspNetCore.Routing.EndpointMiddleware.<Invoke>g__AwaitRequestTask|7_0(Endpoint endpoint, Task requestTask, ILogger logger)
   at Microsoft.AspNetCore.Authorization.AuthorizationMiddleware.Invoke(HttpContext context)
   at Microsoft.AspNetCore.Authentication.AuthenticationMiddleware.Invoke(HttpContext context)
   at AuthService.Api.Middleware.DigitalFingerprintMiddleware.InvokeAsync(HttpContext context) in C:\Users\mshah\Locafy\Locafy\Backend\LocafyMicroservice\services\auth-service\AuthService\Middleware\DigitalFingerprintMiddleware.cs:line 31
   at AuthService.Api.Middleware.RateLimitingMiddleware.InvokeAsync(HttpContext context) in C:\Users\mshah\Locafy\Locafy\Backend\LocafyMicroservice\services\auth-service\AuthService\Middleware\RateLimitingMiddleware.cs:line 51
   at AuthService.Api.Middleware.ExceptionMiddleware.InvokeAsync(HttpContext context) in C:\Users\mshah\Locafy\Locafy\Backend\LocafyMicroservice\services\auth-service\AuthService\Middleware\ExceptionMiddleware.cs:line 26
2025-09-14 14:46:08.203 +05:30 [ERR] HTTP POST /api/Auth/register responded 500 in 801.0143 ms
2025-09-14 14:46:08.205 +05:30 [INF] Request finished HTTP/2 POST https://localhost:7179/api/Auth/register - 500 null application/json 831.089ms
2025-09-14 19:42:18.631 +05:30 [INF] Starting Auth API
2025-09-14 19:42:18.796 +05:30 [INF] User profile is available. Using 'C:\Users\mshah\AppData\Local\ASP.NET\DataProtection-Keys' as key repository and Windows DPAPI to encrypt keys at rest.
2025-09-14 19:42:19.218 +05:30 [INF] Now listening on: https://localhost:7179
2025-09-14 19:42:19.218 +05:30 [INF] Now listening on: http://localhost:5179
2025-09-14 19:42:19.280 +05:30 [INF] Application started. Press Ctrl+C to shut down.
2025-09-14 19:42:19.281 +05:30 [INF] Hosting environment: Development
2025-09-14 19:42:19.282 +05:30 [INF] Content root path: C:\Users\mshah\Locafy\Locafy\Backend\LocafyMicroservice\services\auth-service\AuthService
2025-09-14 19:42:20.633 +05:30 [INF] Request starting HTTP/2 GET https://localhost:7179/index.html - null null
2025-09-14 19:42:21.302 +05:30 [INF] Request finished HTTP/2 GET https://localhost:7179/index.html - 200 null text/html;charset=utf-8 688.9229ms
2025-09-14 19:42:21.362 +05:30 [INF] Request starting HTTP/2 GET https://localhost:7179/_framework/aspnetcore-browser-refresh.js - null null
2025-09-14 19:42:21.362 +05:30 [INF] Request starting HTTP/2 GET https://localhost:7179/_vs/browserLink - null null
2025-09-14 19:42:21.388 +05:30 [INF] Request finished HTTP/2 GET https://localhost:7179/_framework/aspnetcore-browser-refresh.js - 200 16515 application/javascript; charset=utf-8 24.7815ms
2025-09-14 19:42:21.546 +05:30 [INF] Request finished HTTP/2 GET https://localhost:7179/_vs/browserLink - 200 null text/javascript; charset=UTF-8 185.0159ms
2025-09-14 19:42:21.721 +05:30 [INF] Request starting HTTP/2 GET https://localhost:7179/swagger/v1/swagger.json - null null
2025-09-14 19:42:21.778 +05:30 [INF] Request finished HTTP/2 GET https://localhost:7179/swagger/v1/swagger.json - 200 null application/json;charset=utf-8 56.6044ms
2025-09-14 19:42:29.530 +05:30 [INF] Request starting HTTP/2 POST https://localhost:7179/api/Auth/register - application/json 390
2025-09-14 19:42:29.548 +05:30 [INF] CORS policy execution successful.
2025-09-14 19:42:29.771 +05:30 [INF] Executing endpoint 'AuthService.Api.Controllers.AuthController.Register (AuthService.Api)'
2025-09-14 19:42:29.852 +05:30 [INF] Route matched with {action = "Register", controller = "Auth"}. Executing controller action with signature System.Threading.Tasks.Task`1[Microsoft.AspNetCore.Mvc.IActionResult] Register(AuthService.Application.DTOs.Auth.RegisterRequestDto) on controller AuthService.Api.Controllers.AuthController (AuthService.Api).
2025-09-14 19:42:29.871 +05:30 [INF] Executed action AuthService.Api.Controllers.AuthController.Register (AuthService.Api) in 9.9814ms
2025-09-14 19:42:29.875 +05:30 [INF] Executed endpoint 'AuthService.Api.Controllers.AuthController.Register (AuthService.Api)'
2025-09-14 19:42:30.153 +05:30 [ERR] An unhandled exception occurred
System.InvalidOperationException: Unable to resolve service for type 'AuthService.Application.Interfaces.IAuthService' while attempting to activate 'AuthService.Api.Controllers.AuthController'.
   at Microsoft.Extensions.DependencyInjection.ActivatorUtilities.ThrowHelperUnableToResolveService(Type type, Type requiredBy)
   at lambda_method10(Closure, IServiceProvider, Object[])
   at Microsoft.AspNetCore.Mvc.Controllers.ControllerFactoryProvider.<>c__DisplayClass6_0.<CreateControllerFactory>g__CreateController|0(ControllerContext controllerContext)
   at Microsoft.AspNetCore.Mvc.Infrastructure.ControllerActionInvoker.Next(State& next, Scope& scope, Object& state, Boolean& isCompleted)
   at Microsoft.AspNetCore.Mvc.Infrastructure.ControllerActionInvoker.InvokeInnerFilterAsync()
--- End of stack trace from previous location ---
   at Microsoft.AspNetCore.Mvc.Infrastructure.ResourceInvoker.<InvokeFilterPipelineAsync>g__Awaited|20_0(ResourceInvoker invoker, Task lastTask, State next, Scope scope, Object state, Boolean isCompleted)
   at Microsoft.AspNetCore.Mvc.Infrastructure.ResourceInvoker.<InvokeAsync>g__Logged|17_1(ResourceInvoker invoker)
   at Microsoft.AspNetCore.Mvc.Infrastructure.ResourceInvoker.<InvokeAsync>g__Logged|17_1(ResourceInvoker invoker)
   at Microsoft.AspNetCore.Routing.EndpointMiddleware.<Invoke>g__AwaitRequestTask|7_0(Endpoint endpoint, Task requestTask, ILogger logger)
   at Microsoft.AspNetCore.Authorization.AuthorizationMiddleware.Invoke(HttpContext context)
   at Microsoft.AspNetCore.Authentication.AuthenticationMiddleware.Invoke(HttpContext context)
   at AuthService.Api.Middleware.DigitalFingerprintMiddleware.InvokeAsync(HttpContext context) in C:\Users\mshah\Locafy\Locafy\Backend\LocafyMicroservice\services\auth-service\AuthService\Middleware\DigitalFingerprintMiddleware.cs:line 31
   at AuthService.Api.Middleware.RateLimitingMiddleware.InvokeAsync(HttpContext context) in C:\Users\mshah\Locafy\Locafy\Backend\LocafyMicroservice\services\auth-service\AuthService\Middleware\RateLimitingMiddleware.cs:line 51
   at AuthService.Api.Middleware.ExceptionMiddleware.InvokeAsync(HttpContext context) in C:\Users\mshah\Locafy\Locafy\Backend\LocafyMicroservice\services\auth-service\AuthService\Middleware\ExceptionMiddleware.cs:line 26
2025-09-14 19:42:30.305 +05:30 [ERR] HTTP POST /api/Auth/register responded 500 in 747.1936 ms
2025-09-14 19:42:30.307 +05:30 [INF] Request finished HTTP/2 POST https://localhost:7179/api/Auth/register - 500 null application/json 777.0009ms
2025-09-14 22:40:02.108 +05:30 [INF] Starting Auth API
2025-09-14 22:40:02.301 +05:30 [INF] User profile is available. Using 'C:\Users\mshah\AppData\Local\ASP.NET\DataProtection-Keys' as key repository and Windows DPAPI to encrypt keys at rest.
2025-09-14 22:40:02.810 +05:30 [INF] Now listening on: https://localhost:7179
2025-09-14 22:40:02.810 +05:30 [INF] Now listening on: http://localhost:5179
2025-09-14 22:40:02.911 +05:30 [INF] Application started. Press Ctrl+C to shut down.
2025-09-14 22:40:02.912 +05:30 [INF] Hosting environment: Development
2025-09-14 22:40:02.912 +05:30 [INF] Content root path: C:\Users\mshah\Locafy\Locafy\Backend\LocafyMicroservice\services\auth-service\AuthService
2025-09-14 22:40:04.081 +05:30 [INF] Request starting HTTP/2 GET https://localhost:7179/index.html - null null
2025-09-14 22:40:04.469 +05:30 [INF] Request finished HTTP/2 GET https://localhost:7179/index.html - 200 null text/html;charset=utf-8 412.89ms
2025-09-14 22:40:04.558 +05:30 [INF] Request starting HTTP/2 GET https://localhost:7179/_vs/browserLink - null null
2025-09-14 22:40:04.558 +05:30 [INF] Request starting HTTP/2 GET https://localhost:7179/_framework/aspnetcore-browser-refresh.js - null null
2025-09-14 22:40:04.610 +05:30 [INF] Request finished HTTP/2 GET https://localhost:7179/_framework/aspnetcore-browser-refresh.js - 200 16515 application/javascript; charset=utf-8 51.6944ms
2025-09-14 22:40:04.749 +05:30 [INF] Request finished HTTP/2 GET https://localhost:7179/_vs/browserLink - 200 null text/javascript; charset=UTF-8 191.2782ms
2025-09-14 22:40:04.834 +05:30 [INF] Request starting HTTP/2 GET https://localhost:7179/swagger/v1/swagger.json - null null
2025-09-14 22:40:04.888 +05:30 [INF] Request finished HTTP/2 GET https://localhost:7179/swagger/v1/swagger.json - 200 null application/json;charset=utf-8 56.6875ms
2025-09-14 22:41:19.218 +05:30 [INF] Request starting HTTP/2 POST https://localhost:7179/api/Auth/register - application/json 390
2025-09-14 22:41:19.236 +05:30 [INF] CORS policy execution successful.
2025-09-14 22:41:19.507 +05:30 [INF] Executing endpoint 'AuthService.Api.Controllers.AuthController.Register (AuthService.Api)'
2025-09-14 22:41:19.628 +05:30 [INF] Route matched with {action = "Register", controller = "Auth"}. Executing controller action with signature System.Threading.Tasks.Task`1[Microsoft.AspNetCore.Mvc.IActionResult] Register(AuthService.Application.DTOs.Auth.RegisterRequestDto) on controller AuthService.Api.Controllers.AuthController (AuthService.Api).
2025-09-14 22:41:19.658 +05:30 [INF] Executed action AuthService.Api.Controllers.AuthController.Register (AuthService.Api) in 13.5309ms
2025-09-14 22:41:19.664 +05:30 [INF] Executed endpoint 'AuthService.Api.Controllers.AuthController.Register (AuthService.Api)'
2025-09-14 22:41:19.968 +05:30 [ERR] An unhandled exception occurred
System.InvalidOperationException: Unable to resolve service for type 'AuthService.Application.Interfaces.IAuthService' while attempting to activate 'AuthService.Api.Controllers.AuthController'.
   at Microsoft.Extensions.DependencyInjection.ActivatorUtilities.ThrowHelperUnableToResolveService(Type type, Type requiredBy)
   at lambda_method10(Closure, IServiceProvider, Object[])
   at Microsoft.AspNetCore.Mvc.Controllers.ControllerFactoryProvider.<>c__DisplayClass6_0.<CreateControllerFactory>g__CreateController|0(ControllerContext controllerContext)
   at Microsoft.AspNetCore.Mvc.Infrastructure.ControllerActionInvoker.Next(State& next, Scope& scope, Object& state, Boolean& isCompleted)
   at Microsoft.AspNetCore.Mvc.Infrastructure.ControllerActionInvoker.InvokeInnerFilterAsync()
--- End of stack trace from previous location ---
   at Microsoft.AspNetCore.Mvc.Infrastructure.ResourceInvoker.<InvokeFilterPipelineAsync>g__Awaited|20_0(ResourceInvoker invoker, Task lastTask, State next, Scope scope, Object state, Boolean isCompleted)
   at Microsoft.AspNetCore.Mvc.Infrastructure.ResourceInvoker.<InvokeAsync>g__Logged|17_1(ResourceInvoker invoker)
   at Microsoft.AspNetCore.Mvc.Infrastructure.ResourceInvoker.<InvokeAsync>g__Logged|17_1(ResourceInvoker invoker)
   at Microsoft.AspNetCore.Routing.EndpointMiddleware.<Invoke>g__AwaitRequestTask|7_0(Endpoint endpoint, Task requestTask, ILogger logger)
   at Microsoft.AspNetCore.Authorization.AuthorizationMiddleware.Invoke(HttpContext context)
   at Microsoft.AspNetCore.Authentication.AuthenticationMiddleware.Invoke(HttpContext context)
   at AuthService.Api.Middleware.DigitalFingerprintMiddleware.InvokeAsync(HttpContext context) in C:\Users\mshah\Locafy\Locafy\Backend\LocafyMicroservice\services\auth-service\AuthService\Middleware\DigitalFingerprintMiddleware.cs:line 31
   at AuthService.Api.Middleware.RateLimitingMiddleware.InvokeAsync(HttpContext context) in C:\Users\mshah\Locafy\Locafy\Backend\LocafyMicroservice\services\auth-service\AuthService\Middleware\RateLimitingMiddleware.cs:line 51
   at AuthService.Api.Middleware.ExceptionMiddleware.InvokeAsync(HttpContext context) in C:\Users\mshah\Locafy\Locafy\Backend\LocafyMicroservice\services\auth-service\AuthService\Middleware\ExceptionMiddleware.cs:line 26
2025-09-14 22:41:20.185 +05:30 [ERR] HTTP POST /api/Auth/register responded 500 in 938.2448 ms
2025-09-14 22:41:20.188 +05:30 [INF] Request finished HTTP/2 POST https://localhost:7179/api/Auth/register - 500 null application/json 970.0162ms
2025-09-14 23:10:09.371 +05:30 [INF] Starting Auth API
2025-09-14 23:10:09.506 +05:30 [INF] User profile is available. Using 'C:\Users\mshah\AppData\Local\ASP.NET\DataProtection-Keys' as key repository and Windows DPAPI to encrypt keys at rest.
2025-09-14 23:10:10.002 +05:30 [INF] Now listening on: https://localhost:7179
2025-09-14 23:10:10.003 +05:30 [INF] Now listening on: http://localhost:5179
2025-09-14 23:10:10.058 +05:30 [INF] Application started. Press Ctrl+C to shut down.
2025-09-14 23:10:10.059 +05:30 [INF] Hosting environment: Development
2025-09-14 23:10:10.059 +05:30 [INF] Content root path: C:\Users\mshah\Locafy\Locafy\Backend\LocafyMicroservice\services\auth-service\AuthService
2025-09-14 23:10:11.074 +05:30 [INF] Request starting HTTP/2 GET https://localhost:7179/index.html - null null
2025-09-14 23:10:11.423 +05:30 [INF] Request finished HTTP/2 GET https://localhost:7179/index.html - 200 null text/html;charset=utf-8 358.5378ms
2025-09-14 23:10:11.495 +05:30 [INF] Request starting HTTP/2 GET https://localhost:7179/_vs/browserLink - null null
2025-09-14 23:10:11.495 +05:30 [INF] Request starting HTTP/2 GET https://localhost:7179/_framework/aspnetcore-browser-refresh.js - null null
2025-09-14 23:10:11.506 +05:30 [INF] Request finished HTTP/2 GET https://localhost:7179/_framework/aspnetcore-browser-refresh.js - 200 16515 application/javascript; charset=utf-8 11.5706ms
2025-09-14 23:10:11.574 +05:30 [INF] Request finished HTTP/2 GET https://localhost:7179/_vs/browserLink - 200 null text/javascript; charset=UTF-8 79.2547ms
2025-09-14 23:10:11.706 +05:30 [INF] Request starting HTTP/2 GET https://localhost:7179/swagger/v1/swagger.json - null null
2025-09-14 23:10:11.742 +05:30 [INF] Request finished HTTP/2 GET https://localhost:7179/swagger/v1/swagger.json - 200 null application/json;charset=utf-8 35.5666ms
2025-09-14 23:10:20.127 +05:30 [INF] Request starting HTTP/2 POST https://localhost:7179/api/Auth/register - application/json 390
2025-09-14 23:10:20.142 +05:30 [INF] CORS policy execution successful.
2025-09-14 23:10:20.400 +05:30 [INF] Executing endpoint 'AuthService.Api.Controllers.AuthController.Register (AuthService.Api)'
2025-09-14 23:10:20.464 +05:30 [INF] Route matched with {action = "Register", controller = "Auth"}. Executing controller action with signature System.Threading.Tasks.Task`1[Microsoft.AspNetCore.Mvc.IActionResult] Register(AuthService.Application.DTOs.Auth.RegisterRequestDto) on controller AuthService.Api.Controllers.AuthController (AuthService.Api).
2025-09-14 23:10:20.620 +05:30 [INF] Executing BadRequestObjectResult, writing value of type 'Microsoft.AspNetCore.Mvc.ValidationProblemDetails'.
2025-09-14 23:10:20.682 +05:30 [INF] Executed action AuthService.Api.Controllers.AuthController.Register (AuthService.Api) in 207.4153ms
2025-09-14 23:10:20.683 +05:30 [INF] Executed endpoint 'AuthService.Api.Controllers.AuthController.Register (AuthService.Api)'
2025-09-14 23:10:20.688 +05:30 [INF] HTTP POST /api/Auth/register responded 400 in 535.8174 ms
2025-09-14 23:10:20.690 +05:30 [INF] Request finished HTTP/2 POST https://localhost:7179/api/Auth/register - 400 null application/problem+json; charset=utf-8 563.6162ms
2025-09-14 23:11:07.772 +05:30 [INF] Request starting HTTP/2 POST https://localhost:7179/api/Auth/register - application/json 392
2025-09-14 23:11:07.779 +05:30 [INF] CORS policy execution successful.
2025-09-14 23:11:07.783 +05:30 [INF] Executing endpoint 'AuthService.Api.Controllers.AuthController.Register (AuthService.Api)'
2025-09-14 23:11:07.786 +05:30 [INF] Route matched with {action = "Register", controller = "Auth"}. Executing controller action with signature System.Threading.Tasks.Task`1[Microsoft.AspNetCore.Mvc.IActionResult] Register(AuthService.Application.DTOs.Auth.RegisterRequestDto) on controller AuthService.Api.Controllers.AuthController (AuthService.Api).
2025-09-14 23:11:07.805 +05:30 [INF] Executing BadRequestObjectResult, writing value of type 'Microsoft.AspNetCore.Mvc.ValidationProblemDetails'.
2025-09-14 23:11:07.807 +05:30 [INF] Executed action AuthService.Api.Controllers.AuthController.Register (AuthService.Api) in 20.4311ms
2025-09-14 23:11:07.808 +05:30 [INF] Executed endpoint 'AuthService.Api.Controllers.AuthController.Register (AuthService.Api)'
2025-09-14 23:11:07.809 +05:30 [INF] HTTP POST /api/Auth/register responded 400 in 29.2997 ms
2025-09-14 23:11:07.811 +05:30 [INF] Request finished HTTP/2 POST https://localhost:7179/api/Auth/register - 400 null application/problem+json; charset=utf-8 39.3972ms
2025-09-14 23:11:39.973 +05:30 [INF] Request starting HTTP/2 POST https://localhost:7179/api/Auth/register - application/json 400
2025-09-14 23:11:39.975 +05:30 [INF] CORS policy execution successful.
2025-09-14 23:11:39.981 +05:30 [INF] Executing endpoint 'AuthService.Api.Controllers.AuthController.Register (AuthService.Api)'
2025-09-14 23:11:39.982 +05:30 [INF] Route matched with {action = "Register", controller = "Auth"}. Executing controller action with signature System.Threading.Tasks.Task`1[Microsoft.AspNetCore.Mvc.IActionResult] Register(AuthService.Application.DTOs.Auth.RegisterRequestDto) on controller AuthService.Api.Controllers.AuthController (AuthService.Api).
2025-09-14 23:11:40.989 +05:30 [ERR] Registration failed for email: lahl@example.com
Npgsql.PostgresException (0x80004005): 28P01: password authentication failed for user "postgres"
   at Npgsql.Internal.NpgsqlConnector.ReadMessageLong(Boolean async, DataRowLoadingMode dataRowLoadingMode, Boolean readingNotifications, Boolean isReadingPrependedMessage)
   at System.Runtime.CompilerServices.PoolingAsyncValueTaskMethodBuilder`1.StateMachineBox`1.System.Threading.Tasks.Sources.IValueTaskSource<TResult>.GetResult(Int16 token)
   at Npgsql.Internal.NpgsqlConnector.AuthenticateSASL(List`1 mechanisms, String username, Boolean async, CancellationToken cancellationToken)
   at Npgsql.Internal.NpgsqlConnector.Authenticate(String username, NpgsqlTimeout timeout, Boolean async, CancellationToken cancellationToken)
   at Npgsql.Internal.NpgsqlConnector.<Open>g__OpenCore|214_1(NpgsqlConnector conn, SslMode sslMode, NpgsqlTimeout timeout, Boolean async, CancellationToken cancellationToken)
   at Npgsql.Internal.NpgsqlConnector.Open(NpgsqlTimeout timeout, Boolean async, CancellationToken cancellationToken)
   at Npgsql.PoolingDataSource.OpenNewConnector(NpgsqlConnection conn, NpgsqlTimeout timeout, Boolean async, CancellationToken cancellationToken)
   at Npgsql.PoolingDataSource.<Get>g__RentAsync|33_0(NpgsqlConnection conn, NpgsqlTimeout timeout, Boolean async, CancellationToken cancellationToken)
   at Npgsql.NpgsqlConnection.<Open>g__OpenAsync|42_0(Boolean async, CancellationToken cancellationToken)
   at AuthService.Application.Services.AuthService.RegisterAsync(RegisterRequestDto request) in C:\Users\mshah\Locafy\Locafy\Backend\LocafyMicroservice\services\auth-service\AuthService.Application\Services\AuthService.cs:line 36
  Exception data:
    Severity: FATAL
    SqlState: 28P01
    MessageText: password authentication failed for user "postgres"
    File: auth.c
    Line: 332
    Routine: auth_failed
2025-09-14 23:11:41.307 +05:30 [INF] Executing ObjectResult, writing value of type '<>f__AnonymousType1`1[[System.String, System.Private.CoreLib, Version=8.0.0.0, Culture=neutral, PublicKeyToken=7cec85d7bea7798e]]'.
2025-09-14 23:11:41.314 +05:30 [INF] Executed action AuthService.Api.Controllers.AuthController.Register (AuthService.Api) in 1331.2921ms
2025-09-14 23:11:41.316 +05:30 [INF] Executed endpoint 'AuthService.Api.Controllers.AuthController.Register (AuthService.Api)'
2025-09-14 23:11:41.321 +05:30 [ERR] HTTP POST /api/Auth/register responded 500 in 1345.2083 ms
2025-09-14 23:11:41.322 +05:30 [INF] Request finished HTTP/2 POST https://localhost:7179/api/Auth/register - 500 null application/json; charset=utf-8 1350.0871ms
