2025-10-09 15:46:06.318 +05:30 [FTL] AuthService gRPC terminated unexpectedly
System.ArgumentNullException: Value cannot be null. (Parameter 'connectionString')
   at System.ArgumentNullException.Throw(String paramName)
   at System.ArgumentNullException.ThrowIfNull(Object argument, String paramName)
   at Guard.ThrowIfNull[T](T argument, Boolean throwOnEmptyString, String paramName) in /_/src/CallerArgumentExpressionAttribute.cs:line 47
   at Microsoft.Extensions.DependencyInjection.NpgSqlHealthCheckBuilderExtensions.AddNpgSql(IHealthChecksBuilder builder, String connectionString, String healthQuery, Action`1 configure, String name, Nullable`1 failureStatus, IEnumerable`1 tags, Nullable`1 timeout) in /_/src/HealthChecks.NpgSql/DependencyInjection/NpgSqlHealthCheckBuilderExtensions.cs:line 40
   at Program.<Main>$(String[] args) in D:\SingleProject1\BACKEND\AuthServiceClone\AuthService.Grpc\Program.cs:line 60
2025-10-09 15:48:05.254 +05:30 [INF] Starting AuthService gRPC on port 5001
2025-10-09 15:48:05.594 +05:30 [WRN] Overriding address(es) 'http://localhost:5193'. Binding to endpoints defined via IConfiguration and/or UseKestrel() instead.
2025-10-09 15:48:05.653 +05:30 [INF] Now listening on: http://localhost:5001
2025-10-09 15:48:05.654 +05:30 [INF] Application started. Press Ctrl+C to shut down.
2025-10-09 15:48:05.655 +05:30 [INF] Hosting environment: Development
2025-10-09 15:48:05.655 +05:30 [INF] Content root path: D:\SingleProject1\BACKEND\AuthServiceClone\AuthService.Grpc
2025-10-09 15:48:14.343 +05:30 [DBG] Service '' status updated to "Serving". 2 health report entries evaluated.
2025-10-09 15:48:40.779 +05:30 [DBG] Service '' status updated to "Serving". 2 health report entries evaluated.
2025-10-09 15:49:10.767 +05:30 [DBG] Service '' status updated to "Serving". 2 health report entries evaluated.
2025-10-09 15:49:40.779 +05:30 [DBG] Service '' status updated to "Serving". 2 health report entries evaluated.
2025-10-09 15:50:10.790 +05:30 [DBG] Service '' status updated to "Serving". 2 health report entries evaluated.
2025-10-09 15:50:40.849 +05:30 [DBG] Service '' status updated to "Serving". 2 health report entries evaluated.
2025-10-09 15:51:10.792 +05:30 [DBG] Service '' status updated to "Serving". 2 health report entries evaluated.
2025-10-09 15:51:40.796 +05:30 [DBG] Service '' status updated to "Serving". 2 health report entries evaluated.
2025-10-09 15:52:10.804 +05:30 [DBG] Service '' status updated to "Serving". 2 health report entries evaluated.
2025-10-09 15:52:40.766 +05:30 [DBG] Service '' status updated to "Serving". 2 health report entries evaluated.
2025-10-09 15:54:35.730 +05:30 [INF] Starting AuthService gRPC on port 5001
2025-10-09 15:54:35.896 +05:30 [WRN] Overriding address(es) 'http://localhost:5193'. Binding to endpoints defined via IConfiguration and/or UseKestrel() instead.
2025-10-09 15:54:35.915 +05:30 [INF] Now listening on: http://localhost:5001
2025-10-09 15:54:35.919 +05:30 [INF] Application started. Press Ctrl+C to shut down.
2025-10-09 15:54:35.919 +05:30 [INF] Hosting environment: Development
2025-10-09 15:54:35.919 +05:30 [INF] Content root path: D:\SingleProject1\BACKEND\AuthServiceClone\AuthService.Grpc
2025-10-09 15:54:44.213 +05:30 [DBG] Service '' status updated to "Serving". 2 health report entries evaluated.
2025-10-09 17:00:35.508 +05:30 [DBG] Service '' status updated to "Serving". 2 health report entries evaluated.
2025-10-09 17:01:03.385 +05:30 [DBG] Service '' status updated to "Serving". 2 health report entries evaluated.
2025-10-09 17:01:33.387 +05:30 [DBG] Service '' status updated to "Serving". 2 health report entries evaluated.
2025-10-09 17:02:03.397 +05:30 [DBG] Service '' status updated to "Serving". 2 health report entries evaluated.
2025-10-09 17:02:07.659 +05:30 [INF] Starting AuthService gRPC on port 5001
2025-10-09 17:02:07.775 +05:30 [WRN] Overriding address(es) 'http://localhost:5193'. Binding to endpoints defined via IConfiguration and/or UseKestrel() instead.
2025-10-09 17:02:07.797 +05:30 [ERR] Hosting failed to start
System.IO.IOException: Failed to bind to address http://127.0.0.1:5001: address already in use.
 ---> Microsoft.AspNetCore.Connections.AddressInUseException: Only one usage of each socket address (protocol/network address/port) is normally permitted.
 ---> System.Net.Sockets.SocketException (10048): Only one usage of each socket address (protocol/network address/port) is normally permitted.
   at System.Net.Sockets.Socket.UpdateStatusAfterSocketErrorAndThrowException(SocketError error, Boolean disconnectOnFailure, String callerName)
   at System.Net.Sockets.Socket.DoBind(EndPoint endPointSnapshot, SocketAddress socketAddress)
   at System.Net.Sockets.Socket.Bind(EndPoint localEP)
   at Microsoft.AspNetCore.Server.Kestrel.Transport.Sockets.SocketTransportOptions.CreateDefaultBoundListenSocket(EndPoint endpoint)
   at Microsoft.AspNetCore.Server.Kestrel.Transport.Sockets.SocketConnectionListener.Bind()
   --- End of inner exception stack trace ---
   at Microsoft.AspNetCore.Server.Kestrel.Transport.Sockets.SocketConnectionListener.Bind()
   at Microsoft.AspNetCore.Server.Kestrel.Transport.Sockets.SocketTransportFactory.BindAsync(EndPoint endpoint, CancellationToken cancellationToken)
   at Microsoft.AspNetCore.Server.Kestrel.Core.Internal.Infrastructure.TransportManager.BindAsync(EndPoint endPoint, ConnectionDelegate connectionDelegate, EndpointConfig endpointConfig, CancellationToken cancellationToken)
   at Microsoft.AspNetCore.Server.Kestrel.Core.KestrelServerImpl.<>c__DisplayClass28_0`1.<<StartAsync>g__OnBind|0>d.MoveNext()
--- End of stack trace from previous location ---
   at Microsoft.AspNetCore.Server.Kestrel.Core.Internal.AddressBinder.BindEndpointAsync(ListenOptions endpoint, AddressBindContext context, CancellationToken cancellationToken)
   --- End of inner exception stack trace ---
   at Microsoft.AspNetCore.Server.Kestrel.Core.Internal.AddressBinder.BindEndpointAsync(ListenOptions endpoint, AddressBindContext context, CancellationToken cancellationToken)
   at Microsoft.AspNetCore.Server.Kestrel.Core.LocalhostListenOptions.BindAsync(AddressBindContext context, CancellationToken cancellationToken)
   at Microsoft.AspNetCore.Server.Kestrel.Core.Internal.AddressBinder.EndpointsStrategy.BindAsync(AddressBindContext context, CancellationToken cancellationToken)
   at Microsoft.AspNetCore.Server.Kestrel.Core.Internal.AddressBinder.BindAsync(ListenOptions[] listenOptions, AddressBindContext context, Func`2 useHttps, CancellationToken cancellationToken)
   at Microsoft.AspNetCore.Server.Kestrel.Core.KestrelServerImpl.BindAsync(CancellationToken cancellationToken)
   at Microsoft.AspNetCore.Server.Kestrel.Core.KestrelServerImpl.StartAsync[TContext](IHttpApplication`1 application, CancellationToken cancellationToken)
   at Microsoft.AspNetCore.Hosting.GenericWebHostService.StartAsync(CancellationToken cancellationToken)
   at Microsoft.Extensions.Hosting.Internal.Host.<StartAsync>b__15_1(IHostedService service, CancellationToken token)
   at Microsoft.Extensions.Hosting.Internal.Host.ForeachService[T](IEnumerable`1 services, CancellationToken token, Boolean concurrent, Boolean abortOnFirstException, List`1 exceptions, Func`3 operation)
2025-10-09 17:02:07.823 +05:30 [FTL] AuthService gRPC terminated unexpectedly
System.IO.IOException: Failed to bind to address http://127.0.0.1:5001: address already in use.
 ---> Microsoft.AspNetCore.Connections.AddressInUseException: Only one usage of each socket address (protocol/network address/port) is normally permitted.
 ---> System.Net.Sockets.SocketException (10048): Only one usage of each socket address (protocol/network address/port) is normally permitted.
   at System.Net.Sockets.Socket.UpdateStatusAfterSocketErrorAndThrowException(SocketError error, Boolean disconnectOnFailure, String callerName)
   at System.Net.Sockets.Socket.DoBind(EndPoint endPointSnapshot, SocketAddress socketAddress)
   at System.Net.Sockets.Socket.Bind(EndPoint localEP)
   at Microsoft.AspNetCore.Server.Kestrel.Transport.Sockets.SocketTransportOptions.CreateDefaultBoundListenSocket(EndPoint endpoint)
   at Microsoft.AspNetCore.Server.Kestrel.Transport.Sockets.SocketConnectionListener.Bind()
   --- End of inner exception stack trace ---
   at Microsoft.AspNetCore.Server.Kestrel.Transport.Sockets.SocketConnectionListener.Bind()
   at Microsoft.AspNetCore.Server.Kestrel.Transport.Sockets.SocketTransportFactory.BindAsync(EndPoint endpoint, CancellationToken cancellationToken)
   at Microsoft.AspNetCore.Server.Kestrel.Core.Internal.Infrastructure.TransportManager.BindAsync(EndPoint endPoint, ConnectionDelegate connectionDelegate, EndpointConfig endpointConfig, CancellationToken cancellationToken)
   at Microsoft.AspNetCore.Server.Kestrel.Core.KestrelServerImpl.<>c__DisplayClass28_0`1.<<StartAsync>g__OnBind|0>d.MoveNext()
--- End of stack trace from previous location ---
   at Microsoft.AspNetCore.Server.Kestrel.Core.Internal.AddressBinder.BindEndpointAsync(ListenOptions endpoint, AddressBindContext context, CancellationToken cancellationToken)
   --- End of inner exception stack trace ---
   at Microsoft.AspNetCore.Server.Kestrel.Core.Internal.AddressBinder.BindEndpointAsync(ListenOptions endpoint, AddressBindContext context, CancellationToken cancellationToken)
   at Microsoft.AspNetCore.Server.Kestrel.Core.LocalhostListenOptions.BindAsync(AddressBindContext context, CancellationToken cancellationToken)
   at Microsoft.AspNetCore.Server.Kestrel.Core.Internal.AddressBinder.EndpointsStrategy.BindAsync(AddressBindContext context, CancellationToken cancellationToken)
   at Microsoft.AspNetCore.Server.Kestrel.Core.Internal.AddressBinder.BindAsync(ListenOptions[] listenOptions, AddressBindContext context, Func`2 useHttps, CancellationToken cancellationToken)
   at Microsoft.AspNetCore.Server.Kestrel.Core.KestrelServerImpl.BindAsync(CancellationToken cancellationToken)
   at Microsoft.AspNetCore.Server.Kestrel.Core.KestrelServerImpl.StartAsync[TContext](IHttpApplication`1 application, CancellationToken cancellationToken)
   at Microsoft.AspNetCore.Hosting.GenericWebHostService.StartAsync(CancellationToken cancellationToken)
   at Microsoft.Extensions.Hosting.Internal.Host.<StartAsync>b__15_1(IHostedService service, CancellationToken token)
   at Microsoft.Extensions.Hosting.Internal.Host.ForeachService[T](IEnumerable`1 services, CancellationToken token, Boolean concurrent, Boolean abortOnFirstException, List`1 exceptions, Func`3 operation)
   at Microsoft.Extensions.Hosting.Internal.Host.StartAsync(CancellationToken cancellationToken)
   at Microsoft.Extensions.Hosting.HostingAbstractionsHostExtensions.RunAsync(IHost host, CancellationToken token)
   at Microsoft.Extensions.Hosting.HostingAbstractionsHostExtensions.RunAsync(IHost host, CancellationToken token)
   at Microsoft.Extensions.Hosting.HostingAbstractionsHostExtensions.Run(IHost host)
   at Program.<Main>$(String[] args) in D:\SingleProject1\BACKEND\AuthServiceClone\AuthService.Grpc\Program.cs:line 91
2025-10-09 17:02:33.392 +05:30 [DBG] Service '' status updated to "Serving". 2 health report entries evaluated.
2025-10-09 17:03:03.447 +05:30 [DBG] Service '' status updated to "Serving". 2 health report entries evaluated.
2025-10-09 17:03:33.390 +05:30 [DBG] Service '' status updated to "Serving". 2 health report entries evaluated.
2025-10-09 17:04:03.387 +05:30 [DBG] Service '' status updated to "Serving". 2 health report entries evaluated.
2025-10-09 17:04:33.386 +05:30 [DBG] Service '' status updated to "Serving". 2 health report entries evaluated.
